Analysis & Synthesis report for Vending_Machine_Ultimate
Tue May 28 22:01:21 2019
Quartus Prime Version 17.1.0 Build 590 10/25/2017 SJ Lite Edition


---------------------
; Table of Contents ;
---------------------
  1. Legal Notice
  2. Analysis & Synthesis Summary
  3. Analysis & Synthesis Settings
  4. Parallel Compilation
  5. Analysis & Synthesis Source Files Read
  6. Analysis & Synthesis Resource Usage Summary
  7. Analysis & Synthesis Resource Utilization by Entity
  8. State Machine - |Vending_Machine_Ultimate|states:states|PS
  9. Registers Removed During Synthesis
 10. Removed Registers Triggering Further Register Optimizations
 11. General Register Statistics
 12. Multiplexer Restructuring Statistics (Restructuring Performed)
 13. Parameter Settings for User Entity Instance: DebounceUnit:key0
 14. Parameter Settings for User Entity Instance: DebounceUnit:key1
 15. Parameter Settings for User Entity Instance: DebounceUnit:key2
 16. Parameter Settings for User Entity Instance: DebounceUnit:key3
 17. Post-Synthesis Netlist Statistics for Top Partition
 18. Elapsed Time Per Partition
 19. Analysis & Synthesis Messages



----------------
; Legal Notice ;
----------------
Copyright (C) 2017  Intel Corporation. All rights reserved.
Your use of Intel Corporation's design tools, logic functions 
and other software and tools, and its AMPP partner logic 
functions, and any output files from any of the foregoing 
(including device programming or simulation files), and any 
associated documentation or information are expressly subject 
to the terms and conditions of the Intel Program License 
Subscription Agreement, the Intel Quartus Prime License Agreement,
the Intel FPGA IP License Agreement, or other applicable license
agreement, including, without limitation, that your use is for
the sole purpose of programming logic devices manufactured by
Intel and sold by Intel or its authorized distributors.  Please
refer to the applicable agreement for further details.



+----------------------------------------------------------------------------------+
; Analysis & Synthesis Summary                                                     ;
+------------------------------------+---------------------------------------------+
; Analysis & Synthesis Status        ; Successful - Tue May 28 22:01:21 2019       ;
; Quartus Prime Version              ; 17.1.0 Build 590 10/25/2017 SJ Lite Edition ;
; Revision Name                      ; Vending_Machine_Ultimate                    ;
; Top-level Entity Name              ; Vending_Machine_Ultimate                    ;
; Family                             ; Cyclone IV E                                ;
; Total logic elements               ; 344                                         ;
;     Total combinational functions  ; 340                                         ;
;     Dedicated logic registers      ; 118                                         ;
; Total registers                    ; 118                                         ;
; Total pins                         ; 42                                          ;
; Total virtual pins                 ; 0                                           ;
; Total memory bits                  ; 0                                           ;
; Embedded Multiplier 9-bit elements ; 0                                           ;
; Total PLLs                         ; 0                                           ;
+------------------------------------+---------------------------------------------+


+----------------------------------------------------------------------------------------------------------------------------------+
; Analysis & Synthesis Settings                                                                                                    ;
+----------------------------------------------------------------------------+--------------------------+--------------------------+
; Option                                                                     ; Setting                  ; Default Value            ;
+----------------------------------------------------------------------------+--------------------------+--------------------------+
; Device                                                                     ; EP4CE115F29C7            ;                          ;
; Top-level entity name                                                      ; Vending_Machine_Ultimate ; Vending_Machine_Ultimate ;
; Family name                                                                ; Cyclone IV E             ; Cyclone V                ;
; Use smart compilation                                                      ; Off                      ; Off                      ;
; Enable parallel Assembler and TimeQuest Timing Analyzer during compilation ; On                       ; On                       ;
; Enable compact report table                                                ; Off                      ; Off                      ;
; Restructure Multiplexers                                                   ; Auto                     ; Auto                     ;
; Create Debugging Nodes for IP Cores                                        ; Off                      ; Off                      ;
; Preserve fewer node names                                                  ; On                       ; On                       ;
; Intel FPGA IP Evaluation Mode                                              ; Enable                   ; Enable                   ;
; Verilog Version                                                            ; Verilog_2001             ; Verilog_2001             ;
; VHDL Version                                                               ; VHDL_1993                ; VHDL_1993                ;
; State Machine Processing                                                   ; Auto                     ; Auto                     ;
; Safe State Machine                                                         ; Off                      ; Off                      ;
; Extract Verilog State Machines                                             ; On                       ; On                       ;
; Extract VHDL State Machines                                                ; On                       ; On                       ;
; Ignore Verilog initial constructs                                          ; Off                      ; Off                      ;
; Iteration limit for constant Verilog loops                                 ; 5000                     ; 5000                     ;
; Iteration limit for non-constant Verilog loops                             ; 250                      ; 250                      ;
; Add Pass-Through Logic to Inferred RAMs                                    ; On                       ; On                       ;
; Infer RAMs from Raw Logic                                                  ; On                       ; On                       ;
; Parallel Synthesis                                                         ; On                       ; On                       ;
; DSP Block Balancing                                                        ; Auto                     ; Auto                     ;
; NOT Gate Push-Back                                                         ; On                       ; On                       ;
; Power-Up Don't Care                                                        ; On                       ; On                       ;
; Remove Redundant Logic Cells                                               ; Off                      ; Off                      ;
; Remove Duplicate Registers                                                 ; On                       ; On                       ;
; Ignore CARRY Buffers                                                       ; Off                      ; Off                      ;
; Ignore CASCADE Buffers                                                     ; Off                      ; Off                      ;
; Ignore GLOBAL Buffers                                                      ; Off                      ; Off                      ;
; Ignore ROW GLOBAL Buffers                                                  ; Off                      ; Off                      ;
; Ignore LCELL Buffers                                                       ; Off                      ; Off                      ;
; Ignore SOFT Buffers                                                        ; On                       ; On                       ;
; Limit AHDL Integers to 32 Bits                                             ; Off                      ; Off                      ;
; Optimization Technique                                                     ; Balanced                 ; Balanced                 ;
; Carry Chain Length                                                         ; 70                       ; 70                       ;
; Auto Carry Chains                                                          ; On                       ; On                       ;
; Auto Open-Drain Pins                                                       ; On                       ; On                       ;
; Perform WYSIWYG Primitive Resynthesis                                      ; Off                      ; Off                      ;
; Auto ROM Replacement                                                       ; On                       ; On                       ;
; Auto RAM Replacement                                                       ; On                       ; On                       ;
; Auto DSP Block Replacement                                                 ; On                       ; On                       ;
; Auto Shift Register Replacement                                            ; Auto                     ; Auto                     ;
; Allow Shift Register Merging across Hierarchies                            ; Auto                     ; Auto                     ;
; Auto Clock Enable Replacement                                              ; On                       ; On                       ;
; Strict RAM Replacement                                                     ; Off                      ; Off                      ;
; Allow Synchronous Control Signals                                          ; On                       ; On                       ;
; Force Use of Synchronous Clear Signals                                     ; Off                      ; Off                      ;
; Auto RAM Block Balancing                                                   ; On                       ; On                       ;
; Auto RAM to Logic Cell Conversion                                          ; Off                      ; Off                      ;
; Auto Resource Sharing                                                      ; Off                      ; Off                      ;
; Allow Any RAM Size For Recognition                                         ; Off                      ; Off                      ;
; Allow Any ROM Size For Recognition                                         ; Off                      ; Off                      ;
; Allow Any Shift Register Size For Recognition                              ; Off                      ; Off                      ;
; Use LogicLock Constraints during Resource Balancing                        ; On                       ; On                       ;
; Ignore translate_off and synthesis_off directives                          ; Off                      ; Off                      ;
; Timing-Driven Synthesis                                                    ; On                       ; On                       ;
; Report Parameter Settings                                                  ; On                       ; On                       ;
; Report Source Assignments                                                  ; On                       ; On                       ;
; Report Connectivity Checks                                                 ; On                       ; On                       ;
; Ignore Maximum Fan-Out Assignments                                         ; Off                      ; Off                      ;
; Synchronization Register Chain Length                                      ; 2                        ; 2                        ;
; Power Optimization During Synthesis                                        ; Normal compilation       ; Normal compilation       ;
; HDL message level                                                          ; Level2                   ; Level2                   ;
; Suppress Register Optimization Related Messages                            ; Off                      ; Off                      ;
; Number of Removed Registers Reported in Synthesis Report                   ; 5000                     ; 5000                     ;
; Number of Swept Nodes Reported in Synthesis Report                         ; 5000                     ; 5000                     ;
; Number of Inverted Registers Reported in Synthesis Report                  ; 100                      ; 100                      ;
; Clock MUX Protection                                                       ; On                       ; On                       ;
; Auto Gated Clock Conversion                                                ; Off                      ; Off                      ;
; Block Design Naming                                                        ; Auto                     ; Auto                     ;
; SDC constraint protection                                                  ; Off                      ; Off                      ;
; Synthesis Effort                                                           ; Auto                     ; Auto                     ;
; Shift Register Replacement - Allow Asynchronous Clear Signal               ; On                       ; On                       ;
; Pre-Mapping Resynthesis Optimization                                       ; Off                      ; Off                      ;
; Analysis & Synthesis Message Level                                         ; Medium                   ; Medium                   ;
; Disable Register Merging Across Hierarchies                                ; Auto                     ; Auto                     ;
; Resource Aware Inference For Block RAM                                     ; On                       ; On                       ;
+----------------------------------------------------------------------------+--------------------------+--------------------------+


+------------------------------------------+
; Parallel Compilation                     ;
+----------------------------+-------------+
; Processors                 ; Number      ;
+----------------------------+-------------+
; Number detected on machine ; 8           ;
; Maximum allowed            ; 4           ;
;                            ;             ;
; Average used               ; 1.00        ;
; Maximum used               ; 4           ;
;                            ;             ;
; Usage by Processor         ; % Time Used ;
;     Processor 1            ; 100.0%      ;
;     Processors 2-4         ;   0.0%      ;
+----------------------------+-------------+


+-----------------------------------------------------------------------------------------------------------------------------------------------------+
; Analysis & Synthesis Source Files Read                                                                                                              ;
+----------------------------------+-----------------+-----------------+--------------------------------------------------------------------+---------+
; File Name with User-Entered Path ; Used in Netlist ; File Type       ; File Name with Absolute Path                                       ; Library ;
+----------------------------------+-----------------+-----------------+--------------------------------------------------------------------+---------+
; Debouncer.vhd                    ; yes             ; User VHDL File  ; D:/Programacao/Quartus/LSD/projFinal3/Debouncer.vhd                ;         ;
; states.vhd                       ; yes             ; User VHDL File  ; D:/Programacao/Quartus/LSD/projFinal3/states.vhd                   ;         ;
; switchesCounter.vhd              ; yes             ; User VHDL File  ; D:/Programacao/Quartus/LSD/projFinal3/switchesCounter.vhd          ;         ;
; Acumulador.vhd                   ; yes             ; User VHDL File  ; D:/Programacao/Quartus/LSD/projFinal3/Acumulador.vhd               ;         ;
; Vending_Machine_Ultimate.vhd     ; yes             ; User VHDL File  ; D:/Programacao/Quartus/LSD/projFinal3/Vending_Machine_Ultimate.vhd ;         ;
; BinToBCD.vhd                     ; yes             ; User VHDL File  ; D:/Programacao/Quartus/LSD/projFinal3/BinToBCD.vhd                 ;         ;
; Bin7SegDecoder.vhd               ; yes             ; User VHDL File  ; D:/Programacao/Quartus/LSD/projFinal3/Bin7SegDecoder.vhd           ;         ;
; hexPiscar.vhd                    ; yes             ; User VHDL File  ; D:/Programacao/Quartus/LSD/projFinal3/hexPiscar.vhd                ;         ;
; price.vhd                        ; yes             ; User VHDL File  ; D:/Programacao/Quartus/LSD/projFinal3/price.vhd                    ;         ;
; troco.vhd                        ; yes             ; User VHDL File  ; D:/Programacao/Quartus/LSD/projFinal3/troco.vhd                    ;         ;
+----------------------------------+-----------------+-----------------+--------------------------------------------------------------------+---------+


+--------------------------------------------------------------+
; Analysis & Synthesis Resource Usage Summary                  ;
+---------------------------------------------+----------------+
; Resource                                    ; Usage          ;
+---------------------------------------------+----------------+
; Estimated Total logic elements              ; 344            ;
;                                             ;                ;
; Total combinational functions               ; 340            ;
; Logic element usage by number of LUT inputs ;                ;
;     -- 4 input functions                    ; 116            ;
;     -- 3 input functions                    ; 47             ;
;     -- <=2 input functions                  ; 177            ;
;                                             ;                ;
; Logic elements by mode                      ;                ;
;     -- normal mode                          ; 228            ;
;     -- arithmetic mode                      ; 112            ;
;                                             ;                ;
; Total registers                             ; 118            ;
;     -- Dedicated logic registers            ; 118            ;
;     -- I/O registers                        ; 0              ;
;                                             ;                ;
; I/O pins                                    ; 42             ;
;                                             ;                ;
; Embedded Multiplier 9-bit elements          ; 0              ;
;                                             ;                ;
; Maximum fan-out node                        ; CLOCK_50~input ;
; Maximum fan-out                             ; 118            ;
; Total fan-out                               ; 1307           ;
; Average fan-out                             ; 2.41           ;
+---------------------------------------------+----------------+


+-------------------------------------------------------------------------------------------------------------------------------------------------------------------------------------------------------------------------------------------------------+
; Analysis & Synthesis Resource Utilization by Entity                                                                                                                                                                                                   ;
+------------------------------+---------------------+---------------------------+-------------+--------------+---------+-----------+------+--------------+---------------------------------------------------+--------------------------+--------------+
; Compilation Hierarchy Node   ; Combinational ALUTs ; Dedicated Logic Registers ; Memory Bits ; DSP Elements ; DSP 9x9 ; DSP 18x18 ; Pins ; Virtual Pins ; Full Hierarchy Name                               ; Entity Name              ; Library Name ;
+------------------------------+---------------------+---------------------------+-------------+--------------+---------+-----------+------+--------------+---------------------------------------------------+--------------------------+--------------+
; |Vending_Machine_Ultimate    ; 340 (0)             ; 118 (0)                   ; 0           ; 0            ; 0       ; 0         ; 42   ; 0            ; |Vending_Machine_Ultimate                         ; Vending_Machine_Ultimate ; work         ;
;    |Acumulador:ac|           ; 53 (53)             ; 8 (8)                     ; 0           ; 0            ; 0       ; 0         ; 0    ; 0            ; |Vending_Machine_Ultimate|Acumulador:ac           ; Acumulador               ; work         ;
;    |DebounceUnit:key0|       ; 68 (68)             ; 26 (26)                   ; 0           ; 0            ; 0       ; 0         ; 0    ; 0            ; |Vending_Machine_Ultimate|DebounceUnit:key0       ; DebounceUnit             ; work         ;
;    |DebounceUnit:key1|       ; 68 (68)             ; 26 (26)                   ; 0           ; 0            ; 0       ; 0         ; 0    ; 0            ; |Vending_Machine_Ultimate|DebounceUnit:key1       ; DebounceUnit             ; work         ;
;    |DebounceUnit:key2|       ; 68 (68)             ; 26 (26)                   ; 0           ; 0            ; 0       ; 0         ; 0    ; 0            ; |Vending_Machine_Ultimate|DebounceUnit:key2       ; DebounceUnit             ; work         ;
;    |DebounceUnit:key3|       ; 68 (68)             ; 26 (26)                   ; 0           ; 0            ; 0       ; 0         ; 0    ; 0            ; |Vending_Machine_Ultimate|DebounceUnit:key3       ; DebounceUnit             ; work         ;
;    |states:states|           ; 12 (12)             ; 3 (3)                     ; 0           ; 0            ; 0       ; 0         ; 0    ; 0            ; |Vending_Machine_Ultimate|states:states           ; states                   ; work         ;
;    |switchesCounter:counter| ; 3 (3)               ; 3 (3)                     ; 0           ; 0            ; 0       ; 0         ; 0    ; 0            ; |Vending_Machine_Ultimate|switchesCounter:counter ; switchesCounter          ; work         ;
+------------------------------+---------------------+---------------------------+-------------+--------------+---------+-----------+------+--------------+---------------------------------------------------+--------------------------+--------------+
Note: For table entries with two numbers listed, the numbers in parentheses indicate the number of resources of the given type used by the specific entity alone. The numbers listed outside of parentheses indicate the total resources of the given type used by the specific entity and all of its sub-entities in the hierarchy.


Encoding Type:  One-Hot
+------------------------------------------------------------+
; State Machine - |Vending_Machine_Ultimate|states:states|PS ;
+-------+------+------+-------+------------------------------+
; Name  ; PS.F ; PS.S ; PS.SB ; PS.I                         ;
+-------+------+------+-------+------------------------------+
; PS.I  ; 0    ; 0    ; 0     ; 0                            ;
; PS.SB ; 0    ; 0    ; 1     ; 1                            ;
; PS.S  ; 0    ; 1    ; 0     ; 1                            ;
; PS.F  ; 1    ; 0    ; 0     ; 1                            ;
+-------+------+------+-------+------------------------------+


+--------------------------------------------------------------------------------------+
; Registers Removed During Synthesis                                                   ;
+----------------------------------------+---------------------------------------------+
; Register name                          ; Reason for Removal                          ;
+----------------------------------------+---------------------------------------------+
; price:price|price[6,7]                 ; Stuck at GND due to stuck port data_in      ;
; price:price|price[4]                   ; Merged with price:price|price[1]            ;
; price:price|price[3]                   ; Merged with price:price|price[2]            ;
; states:states|PS.F                     ; Stuck at GND due to stuck port data_in      ;
; hexPiscar:piscar|Enable                ; Stuck at GND due to stuck port data_in      ;
; hexPiscar:piscar|s_switch              ; Stuck at VCC due to stuck port clock_enable ;
; hexPiscar:piscar|s_count[0..31]        ; Stuck at GND due to stuck port clock_enable ;
; Total Number of Removed Registers = 39 ;                                             ;
+----------------------------------------+---------------------------------------------+


+------------------------------------------------------------------------------------------------------------------------------------+
; Removed Registers Triggering Further Register Optimizations                                                                        ;
+--------------------+---------------------------+-----------------------------------------------------------------------------------+
; Register name      ; Reason for Removal        ; Registers Removed due to This Register                                            ;
+--------------------+---------------------------+-----------------------------------------------------------------------------------+
; states:states|PS.F ; Stuck at GND              ; hexPiscar:piscar|Enable, hexPiscar:piscar|s_switch, hexPiscar:piscar|s_count[28], ;
;                    ; due to stuck port data_in ; hexPiscar:piscar|s_count[27], hexPiscar:piscar|s_count[26],                       ;
;                    ;                           ; hexPiscar:piscar|s_count[25], hexPiscar:piscar|s_count[24],                       ;
;                    ;                           ; hexPiscar:piscar|s_count[23], hexPiscar:piscar|s_count[22],                       ;
;                    ;                           ; hexPiscar:piscar|s_count[21], hexPiscar:piscar|s_count[20],                       ;
;                    ;                           ; hexPiscar:piscar|s_count[19], hexPiscar:piscar|s_count[18],                       ;
;                    ;                           ; hexPiscar:piscar|s_count[17], hexPiscar:piscar|s_count[16],                       ;
;                    ;                           ; hexPiscar:piscar|s_count[15], hexPiscar:piscar|s_count[14],                       ;
;                    ;                           ; hexPiscar:piscar|s_count[13], hexPiscar:piscar|s_count[12],                       ;
;                    ;                           ; hexPiscar:piscar|s_count[11], hexPiscar:piscar|s_count[10],                       ;
;                    ;                           ; hexPiscar:piscar|s_count[9], hexPiscar:piscar|s_count[7],                         ;
;                    ;                           ; hexPiscar:piscar|s_count[8], hexPiscar:piscar|s_count[6],                         ;
;                    ;                           ; hexPiscar:piscar|s_count[5], hexPiscar:piscar|s_count[4],                         ;
;                    ;                           ; hexPiscar:piscar|s_count[3], hexPiscar:piscar|s_count[2],                         ;
;                    ;                           ; hexPiscar:piscar|s_count[1], hexPiscar:piscar|s_count[0]                          ;
+--------------------+---------------------------+-----------------------------------------------------------------------------------+


+------------------------------------------------------+
; General Register Statistics                          ;
+----------------------------------------------+-------+
; Statistic                                    ; Value ;
+----------------------------------------------+-------+
; Total registers                              ; 118   ;
; Number of registers using Synchronous Clear  ; 0     ;
; Number of registers using Synchronous Load   ; 0     ;
; Number of registers using Asynchronous Clear ; 0     ;
; Number of registers using Asynchronous Load  ; 0     ;
; Number of registers using Clock Enable       ; 78    ;
; Number of registers using Preset             ; 0     ;
+----------------------------------------------+-------+


+-----------------------------------------------------------------------------------------------------------------------------------------------------------------------------+
; Multiplexer Restructuring Statistics (Restructuring Performed)                                                                                                              ;
+--------------------+-----------+---------------+----------------------+------------------------+------------+---------------------------------------------------------------+
; Multiplexer Inputs ; Bus Width ; Baseline Area ; Area if Restructured ; Saving if Restructured ; Registered ; Example Multiplexer Output                                    ;
+--------------------+-----------+---------------+----------------------+------------------------+------------+---------------------------------------------------------------+
; 3:1                ; 2 bits    ; 4 LEs         ; 4 LEs                ; 0 LEs                  ; Yes        ; |Vending_Machine_Ultimate|price:price|price[0]                ;
; 4:1                ; 2 bits    ; 4 LEs         ; 4 LEs                ; 0 LEs                  ; Yes        ; |Vending_Machine_Ultimate|price:price|price[1]                ;
; 5:1                ; 23 bits   ; 69 LEs        ; 46 LEs               ; 23 LEs                 ; Yes        ; |Vending_Machine_Ultimate|DebounceUnit:key3|s_debounceCnt[6]  ;
; 5:1                ; 23 bits   ; 69 LEs        ; 46 LEs               ; 23 LEs                 ; Yes        ; |Vending_Machine_Ultimate|DebounceUnit:key2|s_debounceCnt[10] ;
; 5:1                ; 23 bits   ; 69 LEs        ; 46 LEs               ; 23 LEs                 ; Yes        ; |Vending_Machine_Ultimate|DebounceUnit:key1|s_debounceCnt[0]  ;
; 5:1                ; 23 bits   ; 69 LEs        ; 46 LEs               ; 23 LEs                 ; Yes        ; |Vending_Machine_Ultimate|DebounceUnit:key0|s_debounceCnt[3]  ;
; 6:1                ; 6 bits    ; 24 LEs        ; 18 LEs               ; 6 LEs                  ; Yes        ; |Vending_Machine_Ultimate|Acumulador:ac|s_count[4]            ;
; 3:1                ; 3 bits    ; 6 LEs         ; 6 LEs                ; 0 LEs                  ; No         ; |Vending_Machine_Ultimate|states:states|ledr3                 ;
; 5:1                ; 6 bits    ; 18 LEs        ; 12 LEs               ; 6 LEs                  ; No         ; |Vending_Machine_Ultimate|states:states|Selector10            ;
+--------------------+-----------+---------------+----------------------+------------------------+------------+---------------------------------------------------------------+


+----------------------------------------------------------------+
; Parameter Settings for User Entity Instance: DebounceUnit:key0 ;
+----------------+-------+---------------------------------------+
; Parameter Name ; Value ; Type                                  ;
+----------------+-------+---------------------------------------+
; khzclkfreq     ; 50000 ; Signed Integer                        ;
; msecmininwidth ; 100   ; Signed Integer                        ;
; inpolarity     ; '0'   ; Enumerated                            ;
; outpolarity    ; '1'   ; Enumerated                            ;
+----------------+-------+---------------------------------------+
Note: In order to hide this table in the UI and the text report file, please set the "Show Parameter Settings in Synthesis Report" option in "Analysis and Synthesis Settings -> More Settings" to "Off".


+----------------------------------------------------------------+
; Parameter Settings for User Entity Instance: DebounceUnit:key1 ;
+----------------+-------+---------------------------------------+
; Parameter Name ; Value ; Type                                  ;
+----------------+-------+---------------------------------------+
; khzclkfreq     ; 50000 ; Signed Integer                        ;
; msecmininwidth ; 100   ; Signed Integer                        ;
; inpolarity     ; '0'   ; Enumerated                            ;
; outpolarity    ; '1'   ; Enumerated                            ;
+----------------+-------+---------------------------------------+
Note: In order to hide this table in the UI and the text report file, please set the "Show Parameter Settings in Synthesis Report" option in "Analysis and Synthesis Settings -> More Settings" to "Off".


+----------------------------------------------------------------+
; Parameter Settings for User Entity Instance: DebounceUnit:key2 ;
+----------------+-------+---------------------------------------+
; Parameter Name ; Value ; Type                                  ;
+----------------+-------+---------------------------------------+
; khzclkfreq     ; 50000 ; Signed Integer                        ;
; msecmininwidth ; 100   ; Signed Integer                        ;
; inpolarity     ; '0'   ; Enumerated                            ;
; outpolarity    ; '1'   ; Enumerated                            ;
+----------------+-------+---------------------------------------+
Note: In order to hide this table in the UI and the text report file, please set the "Show Parameter Settings in Synthesis Report" option in "Analysis and Synthesis Settings -> More Settings" to "Off".


+----------------------------------------------------------------+
; Parameter Settings for User Entity Instance: DebounceUnit:key3 ;
+----------------+-------+---------------------------------------+
; Parameter Name ; Value ; Type                                  ;
+----------------+-------+---------------------------------------+
; khzclkfreq     ; 50000 ; Signed Integer                        ;
; msecmininwidth ; 100   ; Signed Integer                        ;
; inpolarity     ; '0'   ; Enumerated                            ;
; outpolarity    ; '1'   ; Enumerated                            ;
+----------------+-------+---------------------------------------+
Note: In order to hide this table in the UI and the text report file, please set the "Show Parameter Settings in Synthesis Report" option in "Analysis and Synthesis Settings -> More Settings" to "Off".


+-----------------------------------------------------+
; Post-Synthesis Netlist Statistics for Top Partition ;
+-----------------------+-----------------------------+
; Type                  ; Count                       ;
+-----------------------+-----------------------------+
; boundary_port         ; 42                          ;
; cycloneiii_ff         ; 118                         ;
;     ENA               ; 78                          ;
;     plain             ; 40                          ;
; cycloneiii_lcell_comb ; 344                         ;
;     arith             ; 112                         ;
;         2 data inputs ; 112                         ;
;     normal            ; 232                         ;
;         0 data inputs ; 1                           ;
;         1 data inputs ; 15                          ;
;         2 data inputs ; 53                          ;
;         3 data inputs ; 47                          ;
;         4 data inputs ; 116                         ;
;                       ;                             ;
; Max LUT depth         ; 7.00                        ;
; Average LUT depth     ; 4.43                        ;
+-----------------------+-----------------------------+


+-------------------------------+
; Elapsed Time Per Partition    ;
+----------------+--------------+
; Partition Name ; Elapsed Time ;
+----------------+--------------+
; Top            ; 00:00:03     ;
+----------------+--------------+


+-------------------------------+
; Analysis & Synthesis Messages ;
+-------------------------------+
Info: *******************************************************************
Info: Running Quartus Prime Analysis & Synthesis
    Info: Version 17.1.0 Build 590 10/25/2017 SJ Lite Edition
    Info: Processing started: Tue May 28 22:00:55 2019
Info: Command: quartus_map --read_settings_files=on --write_settings_files=off Vending_Machine_Ultimate -c Vending_Machine_Ultimate
Warning (18236): Number of processors has not been specified which may cause overloading on shared machines.  Set the global assignment NUM_PARALLEL_PROCESSORS in your QSF to an appropriate value for best performance.
Info (20030): Parallel compilation is enabled and will use 4 of the 4 processors detected
Info (12021): Found 2 design units, including 1 entities, in source file debouncer.vhd
    Info (12022): Found design unit 1: DebounceUnit-Behavioral File: D:/Programacao/Quartus/LSD/projFinal3/Debouncer.vhd Line: 15
    Info (12023): Found entity 1: DebounceUnit File: D:/Programacao/Quartus/LSD/projFinal3/Debouncer.vhd Line: 5
Info (12021): Found 2 design units, including 1 entities, in source file states.vhd
    Info (12022): Found design unit 1: states-Behav File: D:/Programacao/Quartus/LSD/projFinal3/states.vhd Line: 23
    Info (12023): Found entity 1: states File: D:/Programacao/Quartus/LSD/projFinal3/states.vhd Line: 5
Info (12021): Found 2 design units, including 1 entities, in source file switchescounter.vhd
    Info (12022): Found design unit 1: switchesCounter-Behav File: D:/Programacao/Quartus/LSD/projFinal3/switchesCounter.vhd Line: 11
    Info (12023): Found entity 1: switchesCounter File: D:/Programacao/Quartus/LSD/projFinal3/switchesCounter.vhd Line: 5
Info (12021): Found 2 design units, including 1 entities, in source file acumulador.vhd
    Info (12022): Found design unit 1: Acumulador-Behav File: D:/Programacao/Quartus/LSD/projFinal3/Acumulador.vhd Line: 15
    Info (12023): Found entity 1: Acumulador File: D:/Programacao/Quartus/LSD/projFinal3/Acumulador.vhd Line: 5
Info (12021): Found 2 design units, including 1 entities, in source file vending_machine_ultimate.vhd
    Info (12022): Found design unit 1: Vending_Machine_Ultimate-Shell File: D:/Programacao/Quartus/LSD/projFinal3/Vending_Machine_Ultimate.vhd Line: 15
    Info (12023): Found entity 1: Vending_Machine_Ultimate File: D:/Programacao/Quartus/LSD/projFinal3/Vending_Machine_Ultimate.vhd Line: 4
Info (12021): Found 2 design units, including 1 entities, in source file bintobcd.vhd
    Info (12022): Found design unit 1: BinToBCD-Behav File: D:/Programacao/Quartus/LSD/projFinal3/BinToBCD.vhd Line: 10
    Info (12023): Found entity 1: BinToBCD File: D:/Programacao/Quartus/LSD/projFinal3/BinToBCD.vhd Line: 5
Info (12021): Found 2 design units, including 1 entities, in source file bin7segdecoder.vhd
    Info (12022): Found design unit 1: Bin7SegDecoder-Behav File: D:/Programacao/Quartus/LSD/projFinal3/Bin7SegDecoder.vhd Line: 10
    Info (12023): Found entity 1: Bin7SegDecoder File: D:/Programacao/Quartus/LSD/projFinal3/Bin7SegDecoder.vhd Line: 4
Info (12021): Found 2 design units, including 1 entities, in source file hexpiscar.vhd
    Info (12022): Found design unit 1: hexPiscar-Behav File: D:/Programacao/Quartus/LSD/projFinal3/hexPiscar.vhd Line: 12
    Info (12023): Found entity 1: hexPiscar File: D:/Programacao/Quartus/LSD/projFinal3/hexPiscar.vhd Line: 5
Info (12021): Found 2 design units, including 1 entities, in source file price.vhd
    Info (12022): Found design unit 1: price-Behav File: D:/Programacao/Quartus/LSD/projFinal3/price.vhd Line: 12
    Info (12023): Found entity 1: price File: D:/Programacao/Quartus/LSD/projFinal3/price.vhd Line: 5
Info (12021): Found 2 design units, including 1 entities, in source file troco.vhd
    Info (12022): Found design unit 1: troco-Behav File: D:/Programacao/Quartus/LSD/projFinal3/troco.vhd Line: 12
    Info (12023): Found entity 1: troco File: D:/Programacao/Quartus/LSD/projFinal3/troco.vhd Line: 5
Info (12127): Elaborating entity "Vending_Machine_Ultimate" for the top level hierarchy
Info (12129): Elaborating entity "DebounceUnit" using architecture "A:behavioral" for hierarchy "DebounceUnit:key0" File: D:/Programacao/Quartus/LSD/projFinal3/Vending_Machine_Ultimate.vhd Line: 30
Info (12129): Elaborating entity "Acumulador" using architecture "A:behav" for hierarchy "Acumulador:ac" File: D:/Programacao/Quartus/LSD/projFinal3/Vending_Machine_Ultimate.vhd Line: 51
Warning (10492): VHDL Process Statement warning at Acumulador.vhd(37): signal "s_count" is read inside the Process Statement but isn't in the Process Statement's sensitivity list File: D:/Programacao/Quartus/LSD/projFinal3/Acumulador.vhd Line: 37
Info (12129): Elaborating entity "switchesCounter" using architecture "A:behav" for hierarchy "switchesCounter:counter" File: D:/Programacao/Quartus/LSD/projFinal3/Vending_Machine_Ultimate.vhd Line: 62
Info (12129): Elaborating entity "price" using architecture "A:behav" for hierarchy "price:price" File: D:/Programacao/Quartus/LSD/projFinal3/Vending_Machine_Ultimate.vhd Line: 68
Info (12129): Elaborating entity "troco" using architecture "A:behav" for hierarchy "troco:troco" File: D:/Programacao/Quartus/LSD/projFinal3/Vending_Machine_Ultimate.vhd Line: 76
Info (12129): Elaborating entity "states" using architecture "A:behav" for hierarchy "states:states" File: D:/Programacao/Quartus/LSD/projFinal3/Vending_Machine_Ultimate.vhd Line: 84
Warning (10492): VHDL Process Statement warning at states.vhd(113): signal "s_centimos" is read inside the Process Statement but isn't in the Process Statement's sensitivity list File: D:/Programacao/Quartus/LSD/projFinal3/states.vhd Line: 113
Warning (10492): VHDL Process Statement warning at states.vhd(114): signal "s_euros" is read inside the Process Statement but isn't in the Process Statement's sensitivity list File: D:/Programacao/Quartus/LSD/projFinal3/states.vhd Line: 114
Warning (10492): VHDL Process Statement warning at states.vhd(115): signal "s_hex_En" is read inside the Process Statement but isn't in the Process Statement's sensitivity list File: D:/Programacao/Quartus/LSD/projFinal3/states.vhd Line: 115
Warning (10492): VHDL Process Statement warning at states.vhd(116): signal "s_hex_piscar" is read inside the Process Statement but isn't in the Process Statement's sensitivity list File: D:/Programacao/Quartus/LSD/projFinal3/states.vhd Line: 116
Warning (10492): VHDL Process Statement warning at states.vhd(117): signal "s_reset_a" is read inside the Process Statement but isn't in the Process Statement's sensitivity list File: D:/Programacao/Quartus/LSD/projFinal3/states.vhd Line: 117
Info (12129): Elaborating entity "BinToBCD" using architecture "A:behav" for hierarchy "BinToBCD:bin2BCD_01" File: D:/Programacao/Quartus/LSD/projFinal3/Vending_Machine_Ultimate.vhd Line: 103
Info (12129): Elaborating entity "hexPiscar" using architecture "A:behav" for hierarchy "hexPiscar:piscar" File: D:/Programacao/Quartus/LSD/projFinal3/Vending_Machine_Ultimate.vhd Line: 116
Info (12129): Elaborating entity "Bin7SegDecoder" using architecture "A:behav" for hierarchy "Bin7SegDecoder:outHex0" File: D:/Programacao/Quartus/LSD/projFinal3/Vending_Machine_Ultimate.vhd Line: 123
Warning (13024): Output pins are stuck at VCC or GND
    Warning (13410): Pin "HEX0[0]" is stuck at VCC File: D:/Programacao/Quartus/LSD/projFinal3/Vending_Machine_Ultimate.vhd Line: 9
    Warning (13410): Pin "HEX0[1]" is stuck at VCC File: D:/Programacao/Quartus/LSD/projFinal3/Vending_Machine_Ultimate.vhd Line: 9
    Warning (13410): Pin "HEX0[2]" is stuck at VCC File: D:/Programacao/Quartus/LSD/projFinal3/Vending_Machine_Ultimate.vhd Line: 9
    Warning (13410): Pin "HEX0[3]" is stuck at VCC File: D:/Programacao/Quartus/LSD/projFinal3/Vending_Machine_Ultimate.vhd Line: 9
    Warning (13410): Pin "HEX0[4]" is stuck at VCC File: D:/Programacao/Quartus/LSD/projFinal3/Vending_Machine_Ultimate.vhd Line: 9
    Warning (13410): Pin "HEX0[5]" is stuck at VCC File: D:/Programacao/Quartus/LSD/projFinal3/Vending_Machine_Ultimate.vhd Line: 9
    Warning (13410): Pin "HEX0[6]" is stuck at VCC File: D:/Programacao/Quartus/LSD/projFinal3/Vending_Machine_Ultimate.vhd Line: 9
    Warning (13410): Pin "HEX1[0]" is stuck at VCC File: D:/Programacao/Quartus/LSD/projFinal3/Vending_Machine_Ultimate.vhd Line: 10
    Warning (13410): Pin "HEX1[1]" is stuck at VCC File: D:/Programacao/Quartus/LSD/projFinal3/Vending_Machine_Ultimate.vhd Line: 10
    Warning (13410): Pin "HEX1[2]" is stuck at VCC File: D:/Programacao/Quartus/LSD/projFinal3/Vending_Machine_Ultimate.vhd Line: 10
    Warning (13410): Pin "HEX1[3]" is stuck at VCC File: D:/Programacao/Quartus/LSD/projFinal3/Vending_Machine_Ultimate.vhd Line: 10
    Warning (13410): Pin "HEX1[4]" is stuck at VCC File: D:/Programacao/Quartus/LSD/projFinal3/Vending_Machine_Ultimate.vhd Line: 10
    Warning (13410): Pin "HEX1[5]" is stuck at VCC File: D:/Programacao/Quartus/LSD/projFinal3/Vending_Machine_Ultimate.vhd Line: 10
    Warning (13410): Pin "HEX1[6]" is stuck at VCC File: D:/Programacao/Quartus/LSD/projFinal3/Vending_Machine_Ultimate.vhd Line: 10
    Warning (13410): Pin "HEX2[0]" is stuck at VCC File: D:/Programacao/Quartus/LSD/projFinal3/Vending_Machine_Ultimate.vhd Line: 11
    Warning (13410): Pin "HEX2[1]" is stuck at VCC File: D:/Programacao/Quartus/LSD/projFinal3/Vending_Machine_Ultimate.vhd Line: 11
    Warning (13410): Pin "HEX2[2]" is stuck at VCC File: D:/Programacao/Quartus/LSD/projFinal3/Vending_Machine_Ultimate.vhd Line: 11
    Warning (13410): Pin "HEX2[3]" is stuck at VCC File: D:/Programacao/Quartus/LSD/projFinal3/Vending_Machine_Ultimate.vhd Line: 11
    Warning (13410): Pin "HEX2[4]" is stuck at VCC File: D:/Programacao/Quartus/LSD/projFinal3/Vending_Machine_Ultimate.vhd Line: 11
    Warning (13410): Pin "HEX2[5]" is stuck at VCC File: D:/Programacao/Quartus/LSD/projFinal3/Vending_Machine_Ultimate.vhd Line: 11
    Warning (13410): Pin "HEX2[6]" is stuck at VCC File: D:/Programacao/Quartus/LSD/projFinal3/Vending_Machine_Ultimate.vhd Line: 11
    Warning (13410): Pin "HEX3[0]" is stuck at VCC File: D:/Programacao/Quartus/LSD/projFinal3/Vending_Machine_Ultimate.vhd Line: 12
    Warning (13410): Pin "HEX3[1]" is stuck at VCC File: D:/Programacao/Quartus/LSD/projFinal3/Vending_Machine_Ultimate.vhd Line: 12
    Warning (13410): Pin "HEX3[2]" is stuck at VCC File: D:/Programacao/Quartus/LSD/projFinal3/Vending_Machine_Ultimate.vhd Line: 12
    Warning (13410): Pin "HEX3[3]" is stuck at VCC File: D:/Programacao/Quartus/LSD/projFinal3/Vending_Machine_Ultimate.vhd Line: 12
    Warning (13410): Pin "HEX3[4]" is stuck at VCC File: D:/Programacao/Quartus/LSD/projFinal3/Vending_Machine_Ultimate.vhd Line: 12
    Warning (13410): Pin "HEX3[5]" is stuck at VCC File: D:/Programacao/Quartus/LSD/projFinal3/Vending_Machine_Ultimate.vhd Line: 12
    Warning (13410): Pin "HEX3[6]" is stuck at VCC File: D:/Programacao/Quartus/LSD/projFinal3/Vending_Machine_Ultimate.vhd Line: 12
Info (286030): Timing-Driven Synthesis is running
Info (16010): Generating hard_block partition "hard_block:auto_generated_inst"
    Info (16011): Adding 0 node(s), including 0 DDIO, 0 PLL, 0 transceiver and 0 LCELL
Info (21057): Implemented 386 device resources after synthesis - the final resource count might be different
    Info (21058): Implemented 10 input pins
    Info (21059): Implemented 32 output pins
    Info (21061): Implemented 344 logic cells
Info: Quartus Prime Analysis & Synthesis was successful. 0 errors, 36 warnings
    Info: Peak virtual memory: 4817 megabytes
    Info: Processing ended: Tue May 28 22:01:21 2019
    Info: Elapsed time: 00:00:26
    Info: Total CPU time (on all processors): 00:00:41


