Analysis & Synthesis report for Fase2
Wed May 22 17:32:27 2019
Quartus Prime Version 17.1.0 Build 590 10/25/2017 SJ Lite Edition


---------------------
; Table of Contents ;
---------------------
  1. Legal Notice
  2. Analysis & Synthesis Summary
  3. Analysis & Synthesis Settings
  4. Parallel Compilation
  5. Analysis & Synthesis Source Files Read
  6. Analysis & Synthesis Resource Usage Summary
  7. Analysis & Synthesis Resource Utilization by Entity
  8. State Machine - |Fase2|MaqVendas:Maquina|pState
  9. User-Specified and Inferred Latches
 10. Registers Removed During Synthesis
 11. Removed Registers Triggering Further Register Optimizations
 12. General Register Statistics
 13. Multiplexer Restructuring Statistics (Restructuring Performed)
 14. Parameter Settings for Inferred Entity Instance: Troco2bcd:toBcd|lpm_divide:Mod0
 15. Parameter Settings for Inferred Entity Instance: Troco2bcd:toBcd|lpm_divide:Div0
 16. Post-Synthesis Netlist Statistics for Top Partition
 17. Elapsed Time Per Partition
 18. Analysis & Synthesis Messages



----------------
; Legal Notice ;
----------------
Copyright (C) 2017  Intel Corporation. All rights reserved.
Your use of Intel Corporation's design tools, logic functions 
and other software and tools, and its AMPP partner logic 
functions, and any output files from any of the foregoing 
(including device programming or simulation files), and any 
associated documentation or information are expressly subject 
to the terms and conditions of the Intel Program License 
Subscription Agreement, the Intel Quartus Prime License Agreement,
the Intel FPGA IP License Agreement, or other applicable license
agreement, including, without limitation, that your use is for
the sole purpose of programming logic devices manufactured by
Intel and sold by Intel or its authorized distributors.  Please
refer to the applicable agreement for further details.



+----------------------------------------------------------------------------------+
; Analysis & Synthesis Summary                                                     ;
+------------------------------------+---------------------------------------------+
; Analysis & Synthesis Status        ; Successful - Wed May 22 17:32:27 2019       ;
; Quartus Prime Version              ; 17.1.0 Build 590 10/25/2017 SJ Lite Edition ;
; Revision Name                      ; Fase2                                       ;
; Top-level Entity Name              ; Fase2                                       ;
; Family                             ; Cyclone IV E                                ;
; Total logic elements               ; 262                                         ;
;     Total combinational functions  ; 262                                         ;
;     Dedicated logic registers      ; 57                                          ;
; Total registers                    ; 57                                          ;
; Total pins                         ; 49                                          ;
; Total virtual pins                 ; 0                                           ;
; Total memory bits                  ; 0                                           ;
; Embedded Multiplier 9-bit elements ; 0                                           ;
; Total PLLs                         ; 0                                           ;
+------------------------------------+---------------------------------------------+


+----------------------------------------------------------------------------------------------------------------------+
; Analysis & Synthesis Settings                                                                                        ;
+----------------------------------------------------------------------------+--------------------+--------------------+
; Option                                                                     ; Setting            ; Default Value      ;
+----------------------------------------------------------------------------+--------------------+--------------------+
; Device                                                                     ; EP4CE115F29C7      ;                    ;
; Top-level entity name                                                      ; Fase2              ; Fase2              ;
; Family name                                                                ; Cyclone IV E       ; Cyclone V          ;
; Use smart compilation                                                      ; Off                ; Off                ;
; Enable parallel Assembler and TimeQuest Timing Analyzer during compilation ; On                 ; On                 ;
; Enable compact report table                                                ; Off                ; Off                ;
; Restructure Multiplexers                                                   ; Auto               ; Auto               ;
; Create Debugging Nodes for IP Cores                                        ; Off                ; Off                ;
; Preserve fewer node names                                                  ; On                 ; On                 ;
; Intel FPGA IP Evaluation Mode                                              ; Enable             ; Enable             ;
; Verilog Version                                                            ; Verilog_2001       ; Verilog_2001       ;
; VHDL Version                                                               ; VHDL_1993          ; VHDL_1993          ;
; State Machine Processing                                                   ; Auto               ; Auto               ;
; Safe State Machine                                                         ; Off                ; Off                ;
; Extract Verilog State Machines                                             ; On                 ; On                 ;
; Extract VHDL State Machines                                                ; On                 ; On                 ;
; Ignore Verilog initial constructs                                          ; Off                ; Off                ;
; Iteration limit for constant Verilog loops                                 ; 5000               ; 5000               ;
; Iteration limit for non-constant Verilog loops                             ; 250                ; 250                ;
; Add Pass-Through Logic to Inferred RAMs                                    ; On                 ; On                 ;
; Infer RAMs from Raw Logic                                                  ; On                 ; On                 ;
; Parallel Synthesis                                                         ; On                 ; On                 ;
; DSP Block Balancing                                                        ; Auto               ; Auto               ;
; NOT Gate Push-Back                                                         ; On                 ; On                 ;
; Power-Up Don't Care                                                        ; On                 ; On                 ;
; Remove Redundant Logic Cells                                               ; Off                ; Off                ;
; Remove Duplicate Registers                                                 ; On                 ; On                 ;
; Ignore CARRY Buffers                                                       ; Off                ; Off                ;
; Ignore CASCADE Buffers                                                     ; Off                ; Off                ;
; Ignore GLOBAL Buffers                                                      ; Off                ; Off                ;
; Ignore ROW GLOBAL Buffers                                                  ; Off                ; Off                ;
; Ignore LCELL Buffers                                                       ; Off                ; Off                ;
; Ignore SOFT Buffers                                                        ; On                 ; On                 ;
; Limit AHDL Integers to 32 Bits                                             ; Off                ; Off                ;
; Optimization Technique                                                     ; Balanced           ; Balanced           ;
; Carry Chain Length                                                         ; 70                 ; 70                 ;
; Auto Carry Chains                                                          ; On                 ; On                 ;
; Auto Open-Drain Pins                                                       ; On                 ; On                 ;
; Perform WYSIWYG Primitive Resynthesis                                      ; Off                ; Off                ;
; Auto ROM Replacement                                                       ; On                 ; On                 ;
; Auto RAM Replacement                                                       ; On                 ; On                 ;
; Auto DSP Block Replacement                                                 ; On                 ; On                 ;
; Auto Shift Register Replacement                                            ; Auto               ; Auto               ;
; Allow Shift Register Merging across Hierarchies                            ; Auto               ; Auto               ;
; Auto Clock Enable Replacement                                              ; On                 ; On                 ;
; Strict RAM Replacement                                                     ; Off                ; Off                ;
; Allow Synchronous Control Signals                                          ; On                 ; On                 ;
; Force Use of Synchronous Clear Signals                                     ; Off                ; Off                ;
; Auto RAM Block Balancing                                                   ; On                 ; On                 ;
; Auto RAM to Logic Cell Conversion                                          ; Off                ; Off                ;
; Auto Resource Sharing                                                      ; Off                ; Off                ;
; Allow Any RAM Size For Recognition                                         ; Off                ; Off                ;
; Allow Any ROM Size For Recognition                                         ; Off                ; Off                ;
; Allow Any Shift Register Size For Recognition                              ; Off                ; Off                ;
; Use LogicLock Constraints during Resource Balancing                        ; On                 ; On                 ;
; Ignore translate_off and synthesis_off directives                          ; Off                ; Off                ;
; Timing-Driven Synthesis                                                    ; On                 ; On                 ;
; Report Parameter Settings                                                  ; On                 ; On                 ;
; Report Source Assignments                                                  ; On                 ; On                 ;
; Report Connectivity Checks                                                 ; On                 ; On                 ;
; Ignore Maximum Fan-Out Assignments                                         ; Off                ; Off                ;
; Synchronization Register Chain Length                                      ; 2                  ; 2                  ;
; Power Optimization During Synthesis                                        ; Normal compilation ; Normal compilation ;
; HDL message level                                                          ; Level2             ; Level2             ;
; Suppress Register Optimization Related Messages                            ; Off                ; Off                ;
; Number of Removed Registers Reported in Synthesis Report                   ; 5000               ; 5000               ;
; Number of Swept Nodes Reported in Synthesis Report                         ; 5000               ; 5000               ;
; Number of Inverted Registers Reported in Synthesis Report                  ; 100                ; 100                ;
; Clock MUX Protection                                                       ; On                 ; On                 ;
; Auto Gated Clock Conversion                                                ; Off                ; Off                ;
; Block Design Naming                                                        ; Auto               ; Auto               ;
; SDC constraint protection                                                  ; Off                ; Off                ;
; Synthesis Effort                                                           ; Auto               ; Auto               ;
; Shift Register Replacement - Allow Asynchronous Clear Signal               ; On                 ; On                 ;
; Pre-Mapping Resynthesis Optimization                                       ; Off                ; Off                ;
; Analysis & Synthesis Message Level                                         ; Medium             ; Medium             ;
; Disable Register Merging Across Hierarchies                                ; Auto               ; Auto               ;
; Resource Aware Inference For Block RAM                                     ; On                 ; On                 ;
+----------------------------------------------------------------------------+--------------------+--------------------+


+------------------------------------------+
; Parallel Compilation                     ;
+----------------------------+-------------+
; Processors                 ; Number      ;
+----------------------------+-------------+
; Number detected on machine ; 4           ;
; Maximum allowed            ; 2           ;
;                            ;             ;
; Average used               ; 1.00        ;
; Maximum used               ; 2           ;
;                            ;             ;
; Usage by Processor         ; % Time Used ;
;     Processor 1            ; 100.0%      ;
;     Processor 2            ;   0.0%      ;
+----------------------------+-------------+


+--------------------------------------------------------------------------------------------------------------------------------------------------------------------------+
; Analysis & Synthesis Source Files Read                                                                                                                                   ;
+----------------------------------+-----------------+------------------------------+----------------------------------------------------------------------------+---------+
; File Name with User-Entered Path ; Used in Netlist ; File Type                    ; File Name with Absolute Path                                               ; Library ;
+----------------------------------+-----------------+------------------------------+----------------------------------------------------------------------------+---------+
; Mux.vhd                          ; yes             ; User VHDL File               ; C:/LSD2/ProjetoFinal/Fase2/Mux.vhd                                         ;         ;
; SelProd.vhd                      ; yes             ; User VHDL File               ; C:/LSD2/ProjetoFinal/Fase2/SelProd.vhd                                     ;         ;
; ContMoedas.vhd                   ; yes             ; User VHDL File               ; C:/LSD2/ProjetoFinal/Fase2/ContMoedas.vhd                                  ;         ;
; MaqVendas.vhd                    ; yes             ; User VHDL File               ; C:/LSD2/ProjetoFinal/Fase2/MaqVendas.vhd                                   ;         ;
; ClkDivider.vhd                   ; yes             ; User VHDL File               ; C:/LSD2/ProjetoFinal/Fase2/ClkDivider.vhd                                  ;         ;
; Bin7SegDecoder.vhd               ; yes             ; User VHDL File               ; C:/LSD2/ProjetoFinal/Fase2/Bin7SegDecoder.vhd                              ;         ;
; Fase2.vhd                        ; yes             ; User VHDL File               ; C:/LSD2/ProjetoFinal/Fase2/Fase2.vhd                                       ;         ;
; Holder.vhd                       ; yes             ; User VHDL File               ; C:/LSD2/ProjetoFinal/Fase2/Holder.vhd                                      ;         ;
; Troco.vhd                        ; yes             ; User VHDL File               ; C:/LSD2/ProjetoFinal/Fase2/Troco.vhd                                       ;         ;
; Troco2bcd.vhd                    ; yes             ; User VHDL File               ; C:/LSD2/ProjetoFinal/Fase2/Troco2bcd.vhd                                   ;         ;
; lpm_divide.tdf                   ; yes             ; Megafunction                 ; c:/intelfpga_lite/17.1/quartus/libraries/megafunctions/lpm_divide.tdf      ;         ;
; abs_divider.inc                  ; yes             ; Megafunction                 ; c:/intelfpga_lite/17.1/quartus/libraries/megafunctions/abs_divider.inc     ;         ;
; sign_div_unsign.inc              ; yes             ; Megafunction                 ; c:/intelfpga_lite/17.1/quartus/libraries/megafunctions/sign_div_unsign.inc ;         ;
; aglobal171.inc                   ; yes             ; Megafunction                 ; c:/intelfpga_lite/17.1/quartus/libraries/megafunctions/aglobal171.inc      ;         ;
; db/lpm_divide_o9m.tdf            ; yes             ; Auto-Generated Megafunction  ; C:/LSD2/ProjetoFinal/Fase2/db/lpm_divide_o9m.tdf                           ;         ;
; db/sign_div_unsign_dkh.tdf       ; yes             ; Auto-Generated Megafunction  ; C:/LSD2/ProjetoFinal/Fase2/db/sign_div_unsign_dkh.tdf                      ;         ;
; db/alt_u_div_e4f.tdf             ; yes             ; Auto-Generated Megafunction  ; C:/LSD2/ProjetoFinal/Fase2/db/alt_u_div_e4f.tdf                            ;         ;
; db/add_sub_7pc.tdf               ; yes             ; Auto-Generated Megafunction  ; C:/LSD2/ProjetoFinal/Fase2/db/add_sub_7pc.tdf                              ;         ;
; db/add_sub_8pc.tdf               ; yes             ; Auto-Generated Megafunction  ; C:/LSD2/ProjetoFinal/Fase2/db/add_sub_8pc.tdf                              ;         ;
; db/lpm_divide_ihm.tdf            ; yes             ; Auto-Generated Megafunction  ; C:/LSD2/ProjetoFinal/Fase2/db/lpm_divide_ihm.tdf                           ;         ;
; db/sign_div_unsign_akh.tdf       ; yes             ; Auto-Generated Megafunction  ; C:/LSD2/ProjetoFinal/Fase2/db/sign_div_unsign_akh.tdf                      ;         ;
; db/alt_u_div_84f.tdf             ; yes             ; Auto-Generated Megafunction  ; C:/LSD2/ProjetoFinal/Fase2/db/alt_u_div_84f.tdf                            ;         ;
+----------------------------------+-----------------+------------------------------+----------------------------------------------------------------------------+---------+


+--------------------------------------------------------------+
; Analysis & Synthesis Resource Usage Summary                  ;
+---------------------------------------------+----------------+
; Resource                                    ; Usage          ;
+---------------------------------------------+----------------+
; Estimated Total logic elements              ; 262            ;
;                                             ;                ;
; Total combinational functions               ; 262            ;
; Logic element usage by number of LUT inputs ;                ;
;     -- 4 input functions                    ; 61             ;
;     -- 3 input functions                    ; 69             ;
;     -- <=2 input functions                  ; 132            ;
;                                             ;                ;
; Logic elements by mode                      ;                ;
;     -- normal mode                          ; 177            ;
;     -- arithmetic mode                      ; 85             ;
;                                             ;                ;
; Total registers                             ; 57             ;
;     -- Dedicated logic registers            ; 57             ;
;     -- I/O registers                        ; 0              ;
;                                             ;                ;
; I/O pins                                    ; 49             ;
;                                             ;                ;
; Embedded Multiplier 9-bit elements          ; 0              ;
;                                             ;                ;
; Maximum fan-out node                        ; CLOCK_50~input ;
; Maximum fan-out                             ; 33             ;
; Total fan-out                               ; 911            ;
; Average fan-out                             ; 2.18           ;
+---------------------------------------------+----------------+


+------------------------------------------------------------------------------------------------------------------------------------------------------------------------------------------------------------------------------------------------------------------------------------------------------------------------------------+
; Analysis & Synthesis Resource Utilization by Entity                                                                                                                                                                                                                                                                                ;
+-------------------------------------------+---------------------+---------------------------+-------------+--------------+---------+-----------+------+--------------+------------------------------------------------------------------------------------------------------------------------+---------------------+--------------+
; Compilation Hierarchy Node                ; Combinational ALUTs ; Dedicated Logic Registers ; Memory Bits ; DSP Elements ; DSP 9x9 ; DSP 18x18 ; Pins ; Virtual Pins ; Full Hierarchy Name                                                                                                    ; Entity Name         ; Library Name ;
+-------------------------------------------+---------------------+---------------------------+-------------+--------------+---------+-----------+------+--------------+------------------------------------------------------------------------------------------------------------------------+---------------------+--------------+
; |Fase2                                    ; 262 (0)             ; 57 (0)                    ; 0           ; 0            ; 0       ; 0         ; 49   ; 0            ; |Fase2                                                                                                                 ; Fase2               ; work         ;
;    |Bin7SegDecoder:display1|              ; 3 (3)               ; 0 (0)                     ; 0           ; 0            ; 0       ; 0         ; 0    ; 0            ; |Fase2|Bin7SegDecoder:display1                                                                                         ; Bin7SegDecoder      ; work         ;
;    |Bin7SegDecoder:display2|              ; 20 (20)             ; 0 (0)                     ; 0           ; 0            ; 0       ; 0         ; 0    ; 0            ; |Fase2|Bin7SegDecoder:display2                                                                                         ; Bin7SegDecoder      ; work         ;
;    |Bin7SegDecoder:display3|              ; 4 (4)               ; 0 (0)                     ; 0           ; 0            ; 0       ; 0         ; 0    ; 0            ; |Fase2|Bin7SegDecoder:display3                                                                                         ; Bin7SegDecoder      ; work         ;
;    |ClkDivider:clk|                       ; 60 (60)             ; 33 (33)                   ; 0           ; 0            ; 0       ; 0         ; 0    ; 0            ; |Fase2|ClkDivider:clk                                                                                                  ; ClkDivider          ; work         ;
;    |ContMoedas:Moed|                      ; 45 (45)             ; 14 (14)                   ; 0           ; 0            ; 0       ; 0         ; 0    ; 0            ; |Fase2|ContMoedas:Moed                                                                                                 ; ContMoedas          ; work         ;
;    |Holder:holder|                        ; 10 (10)             ; 0 (0)                     ; 0           ; 0            ; 0       ; 0         ; 0    ; 0            ; |Fase2|Holder:holder                                                                                                   ; Holder              ; work         ;
;    |MaqVendas:Maquina|                    ; 4 (4)               ; 4 (4)                     ; 0           ; 0            ; 0       ; 0         ; 0    ; 0            ; |Fase2|MaqVendas:Maquina                                                                                               ; MaqVendas           ; work         ;
;    |Mux:Mux|                              ; 1 (1)               ; 0 (0)                     ; 0           ; 0            ; 0       ; 0         ; 0    ; 0            ; |Fase2|Mux:Mux                                                                                                         ; Mux                 ; work         ;
;    |SelProd:Prod|                         ; 11 (11)             ; 0 (0)                     ; 0           ; 0            ; 0       ; 0         ; 0    ; 0            ; |Fase2|SelProd:Prod                                                                                                    ; SelProd             ; work         ;
;    |Troco2bcd:toBcd|                      ; 98 (0)              ; 0 (0)                     ; 0           ; 0            ; 0       ; 0         ; 0    ; 0            ; |Fase2|Troco2bcd:toBcd                                                                                                 ; Troco2bcd           ; work         ;
;       |lpm_divide:Div0|                   ; 43 (0)              ; 0 (0)                     ; 0           ; 0            ; 0       ; 0         ; 0    ; 0            ; |Fase2|Troco2bcd:toBcd|lpm_divide:Div0                                                                                 ; lpm_divide          ; work         ;
;          |lpm_divide_ihm:auto_generated|  ; 43 (0)              ; 0 (0)                     ; 0           ; 0            ; 0       ; 0         ; 0    ; 0            ; |Fase2|Troco2bcd:toBcd|lpm_divide:Div0|lpm_divide_ihm:auto_generated                                                   ; lpm_divide_ihm      ; work         ;
;             |sign_div_unsign_akh:divider| ; 43 (0)              ; 0 (0)                     ; 0           ; 0            ; 0       ; 0         ; 0    ; 0            ; |Fase2|Troco2bcd:toBcd|lpm_divide:Div0|lpm_divide_ihm:auto_generated|sign_div_unsign_akh:divider                       ; sign_div_unsign_akh ; work         ;
;                |alt_u_div_84f:divider|    ; 43 (43)             ; 0 (0)                     ; 0           ; 0            ; 0       ; 0         ; 0    ; 0            ; |Fase2|Troco2bcd:toBcd|lpm_divide:Div0|lpm_divide_ihm:auto_generated|sign_div_unsign_akh:divider|alt_u_div_84f:divider ; alt_u_div_84f       ; work         ;
;       |lpm_divide:Mod0|                   ; 55 (0)              ; 0 (0)                     ; 0           ; 0            ; 0       ; 0         ; 0    ; 0            ; |Fase2|Troco2bcd:toBcd|lpm_divide:Mod0                                                                                 ; lpm_divide          ; work         ;
;          |lpm_divide_o9m:auto_generated|  ; 55 (0)              ; 0 (0)                     ; 0           ; 0            ; 0       ; 0         ; 0    ; 0            ; |Fase2|Troco2bcd:toBcd|lpm_divide:Mod0|lpm_divide_o9m:auto_generated                                                   ; lpm_divide_o9m      ; work         ;
;             |sign_div_unsign_dkh:divider| ; 55 (0)              ; 0 (0)                     ; 0           ; 0            ; 0       ; 0         ; 0    ; 0            ; |Fase2|Troco2bcd:toBcd|lpm_divide:Mod0|lpm_divide_o9m:auto_generated|sign_div_unsign_dkh:divider                       ; sign_div_unsign_dkh ; work         ;
;                |alt_u_div_e4f:divider|    ; 55 (55)             ; 0 (0)                     ; 0           ; 0            ; 0       ; 0         ; 0    ; 0            ; |Fase2|Troco2bcd:toBcd|lpm_divide:Mod0|lpm_divide_o9m:auto_generated|sign_div_unsign_dkh:divider|alt_u_div_e4f:divider ; alt_u_div_e4f       ; work         ;
;    |Troco:troco|                          ; 6 (6)               ; 6 (6)                     ; 0           ; 0            ; 0       ; 0         ; 0    ; 0            ; |Fase2|Troco:troco                                                                                                     ; Troco               ; work         ;
+-------------------------------------------+---------------------+---------------------------+-------------+--------------+---------+-----------+------+--------------+------------------------------------------------------------------------------------------------------------------------+---------------------+--------------+
Note: For table entries with two numbers listed, the numbers in parentheses indicate the number of resources of the given type used by the specific entity alone. The numbers listed outside of parentheses indicate the total resources of the given type used by the specific entity and all of its sub-entities in the hierarchy.


Encoding Type:  One-Hot
+------------------------------------------------------------------------------------+
; State Machine - |Fase2|MaqVendas:Maquina|pState                                    ;
+-----------------+---------------+----------------+-----------------+---------------+
; Name            ; pState.FSaida ; pState.FMoedas ; pState.FProduto ; pState.FStart ;
+-----------------+---------------+----------------+-----------------+---------------+
; pState.FStart   ; 0             ; 0              ; 0               ; 0             ;
; pState.FProduto ; 0             ; 0              ; 1               ; 1             ;
; pState.FMoedas  ; 0             ; 1              ; 0               ; 1             ;
; pState.FSaida   ; 1             ; 0              ; 0               ; 1             ;
+-----------------+---------------+----------------+-----------------+---------------+


+------------------------------------------------------------------------------------------------------------------+
; User-Specified and Inferred Latches                                                                              ;
+-----------------------------------------------------+-----------------------------------+------------------------+
; Latch Name                                          ; Latch Enable Signal               ; Free of Timing Hazards ;
+-----------------------------------------------------+-----------------------------------+------------------------+
; SelProd:Prod|s_valProd[6]                           ; MaqVendas:Maquina|pState.FProduto ; yes                    ;
; SelProd:Prod|s_valProd[5]                           ; MaqVendas:Maquina|pState.FProduto ; yes                    ;
; SelProd:Prod|s_valProd[4]                           ; MaqVendas:Maquina|pState.FProduto ; yes                    ;
; SelProd:Prod|s_valProd[2]                           ; MaqVendas:Maquina|pState.FProduto ; yes                    ;
; SelProd:Prod|s_valProd[1]                           ; MaqVendas:Maquina|pState.FProduto ; yes                    ;
; Holder:holder|s_Memory[2]                           ; MaqVendas:Maquina|pState.FProduto ; yes                    ;
; Holder:holder|s_Memory[1]                           ; MaqVendas:Maquina|pState.FProduto ; yes                    ;
; Holder:holder|s_Memory[6]                           ; MaqVendas:Maquina|pState.FProduto ; yes                    ;
; Holder:holder|s_Memory[5]                           ; MaqVendas:Maquina|pState.FProduto ; yes                    ;
; Holder:holder|s_Memory[4]                           ; MaqVendas:Maquina|pState.FProduto ; yes                    ;
; Number of user-specified and inferred latches = 10  ;                                   ;                        ;
+-----------------------------------------------------+-----------------------------------+------------------------+
Note: All latches listed above may not be present at the end of synthesis due to various synthesis optimizations.


+--------------------------------------------------------------------------------+
; Registers Removed During Synthesis                                             ;
+---------------------------------------+----------------------------------------+
; Register name                         ; Reason for Removal                     ;
+---------------------------------------+----------------------------------------+
; ContMoedas:Moed|s_cont[7]             ; Lost fanout                            ;
; ContMoedas:Moed|s_soma[0]             ; Stuck at GND due to stuck port data_in ;
; ContMoedas:Moed|s_cont[0]             ; Stuck at GND due to stuck port data_in ;
; Troco:troco|s_valTroco[0]             ; Stuck at GND due to stuck port data_in ;
; Total Number of Removed Registers = 4 ;                                        ;
+---------------------------------------+----------------------------------------+


+--------------------------------------------------------------------------------------------------------------+
; Removed Registers Triggering Further Register Optimizations                                                  ;
+---------------------------+---------------------------+------------------------------------------------------+
; Register name             ; Reason for Removal        ; Registers Removed due to This Register               ;
+---------------------------+---------------------------+------------------------------------------------------+
; ContMoedas:Moed|s_soma[0] ; Stuck at GND              ; ContMoedas:Moed|s_cont[0], Troco:troco|s_valTroco[0] ;
;                           ; due to stuck port data_in ;                                                      ;
+---------------------------+---------------------------+------------------------------------------------------+


+------------------------------------------------------+
; General Register Statistics                          ;
+----------------------------------------------+-------+
; Statistic                                    ; Value ;
+----------------------------------------------+-------+
; Total registers                              ; 57    ;
; Number of registers using Synchronous Clear  ; 5     ;
; Number of registers using Synchronous Load   ; 5     ;
; Number of registers using Asynchronous Clear ; 0     ;
; Number of registers using Asynchronous Load  ; 0     ;
; Number of registers using Clock Enable       ; 12    ;
; Number of registers using Preset             ; 0     ;
+----------------------------------------------+-------+


+----------------------------------------------------------------------------------------------------------------------------------------------------------+
; Multiplexer Restructuring Statistics (Restructuring Performed)                                                                                           ;
+--------------------+-----------+---------------+----------------------+------------------------+------------+--------------------------------------------+
; Multiplexer Inputs ; Bus Width ; Baseline Area ; Area if Restructured ; Saving if Restructured ; Registered ; Example Multiplexer Output                 ;
+--------------------+-----------+---------------+----------------------+------------------------+------------+--------------------------------------------+
; 6:1                ; 6 bits    ; 24 LEs        ; 12 LEs               ; 12 LEs                 ; Yes        ; |Fase2|ContMoedas:Moed|s_soma[5]           ;
; 9:1                ; 2 bits    ; 12 LEs        ; 8 LEs                ; 4 LEs                  ; No         ; |Fase2|Bin7SegDecoder:display1|decOut_n[6] ;
; 17:1               ; 2 bits    ; 22 LEs        ; 12 LEs               ; 10 LEs                 ; No         ; |Fase2|Bin7SegDecoder:display3|decOut_n[6] ;
; 6:1                ; 2 bits    ; 8 LEs         ; 8 LEs                ; 0 LEs                  ; No         ; |Fase2|Bin7SegDecoder:display3|decOut_n[3] ;
; 6:1                ; 2 bits    ; 8 LEs         ; 8 LEs                ; 0 LEs                  ; No         ; |Fase2|Bin7SegDecoder:display2|decOut_n[5] ;
; 65:1               ; 2 bits    ; 86 LEs        ; 28 LEs               ; 58 LEs                 ; No         ; |Fase2|Bin7SegDecoder:display2|decOut_n[6] ;
+--------------------+-----------+---------------+----------------------+------------------------+------------+--------------------------------------------+


+----------------------------------------------------------------------------------+
; Parameter Settings for Inferred Entity Instance: Troco2bcd:toBcd|lpm_divide:Mod0 ;
+------------------------+----------------+----------------------------------------+
; Parameter Name         ; Value          ; Type                                   ;
+------------------------+----------------+----------------------------------------+
; LPM_WIDTHN             ; 7              ; Untyped                                ;
; LPM_WIDTHD             ; 7              ; Untyped                                ;
; LPM_NREPRESENTATION    ; UNSIGNED       ; Untyped                                ;
; LPM_DREPRESENTATION    ; UNSIGNED       ; Untyped                                ;
; LPM_PIPELINE           ; 0              ; Untyped                                ;
; LPM_REMAINDERPOSITIVE  ; TRUE           ; Untyped                                ;
; MAXIMIZE_SPEED         ; 5              ; Untyped                                ;
; CBXI_PARAMETER         ; lpm_divide_o9m ; Untyped                                ;
; CARRY_CHAIN            ; MANUAL         ; Untyped                                ;
; OPTIMIZE_FOR_SPEED     ; 5              ; Untyped                                ;
; AUTO_CARRY_CHAINS      ; ON             ; AUTO_CARRY                             ;
; IGNORE_CARRY_BUFFERS   ; OFF            ; IGNORE_CARRY                           ;
; AUTO_CASCADE_CHAINS    ; ON             ; AUTO_CASCADE                           ;
; IGNORE_CASCADE_BUFFERS ; OFF            ; IGNORE_CASCADE                         ;
+------------------------+----------------+----------------------------------------+
Note: In order to hide this table in the UI and the text report file, please set the "Show Parameter Settings in Synthesis Report" option in "Analysis and Synthesis Settings -> More Settings" to "Off".


+----------------------------------------------------------------------------------+
; Parameter Settings for Inferred Entity Instance: Troco2bcd:toBcd|lpm_divide:Div0 ;
+------------------------+----------------+----------------------------------------+
; Parameter Name         ; Value          ; Type                                   ;
+------------------------+----------------+----------------------------------------+
; LPM_WIDTHN             ; 7              ; Untyped                                ;
; LPM_WIDTHD             ; 4              ; Untyped                                ;
; LPM_NREPRESENTATION    ; UNSIGNED       ; Untyped                                ;
; LPM_DREPRESENTATION    ; UNSIGNED       ; Untyped                                ;
; LPM_PIPELINE           ; 0              ; Untyped                                ;
; LPM_REMAINDERPOSITIVE  ; TRUE           ; Untyped                                ;
; MAXIMIZE_SPEED         ; 5              ; Untyped                                ;
; CBXI_PARAMETER         ; lpm_divide_ihm ; Untyped                                ;
; CARRY_CHAIN            ; MANUAL         ; Untyped                                ;
; OPTIMIZE_FOR_SPEED     ; 5              ; Untyped                                ;
; AUTO_CARRY_CHAINS      ; ON             ; AUTO_CARRY                             ;
; IGNORE_CARRY_BUFFERS   ; OFF            ; IGNORE_CARRY                           ;
; AUTO_CASCADE_CHAINS    ; ON             ; AUTO_CASCADE                           ;
; IGNORE_CASCADE_BUFFERS ; OFF            ; IGNORE_CASCADE                         ;
+------------------------+----------------+----------------------------------------+
Note: In order to hide this table in the UI and the text report file, please set the "Show Parameter Settings in Synthesis Report" option in "Analysis and Synthesis Settings -> More Settings" to "Off".


+-----------------------------------------------------+
; Post-Synthesis Netlist Statistics for Top Partition ;
+-----------------------+-----------------------------+
; Type                  ; Count                       ;
+-----------------------+-----------------------------+
; boundary_port         ; 49                          ;
; cycloneiii_ff         ; 57                          ;
;     ENA               ; 7                           ;
;     ENA SCLR SLD      ; 5                           ;
;     plain             ; 45                          ;
; cycloneiii_lcell_comb ; 267                         ;
;     arith             ; 85                          ;
;         2 data inputs ; 54                          ;
;         3 data inputs ; 31                          ;
;     normal            ; 182                         ;
;         0 data inputs ; 9                           ;
;         1 data inputs ; 8                           ;
;         2 data inputs ; 66                          ;
;         3 data inputs ; 38                          ;
;         4 data inputs ; 61                          ;
;                       ;                             ;
; Max LUT depth         ; 11.80                       ;
; Average LUT depth     ; 5.87                        ;
+-----------------------+-----------------------------+


+-------------------------------+
; Elapsed Time Per Partition    ;
+----------------+--------------+
; Partition Name ; Elapsed Time ;
+----------------+--------------+
; Top            ; 00:00:01     ;
+----------------+--------------+


+-------------------------------+
; Analysis & Synthesis Messages ;
+-------------------------------+
Info: *******************************************************************
Info: Running Quartus Prime Analysis & Synthesis
    Info: Version 17.1.0 Build 590 10/25/2017 SJ Lite Edition
    Info: Processing started: Wed May 22 17:32:11 2019
Info: Command: quartus_map --read_settings_files=on --write_settings_files=off Fase2 -c Fase2
Warning (18236): Number of processors has not been specified which may cause overloading on shared machines.  Set the global assignment NUM_PARALLEL_PROCESSORS in your QSF to an appropriate value for best performance.
Info (20030): Parallel compilation is enabled and will use 2 of the 2 processors detected
Warning (12090): Entity "Mux" obtained from "Mux.vhd" instead of from Quartus Prime megafunction library File: C:/LSD2/ProjetoFinal/Fase2/Mux.vhd Line: 4
Info (12021): Found 2 design units, including 1 entities, in source file mux.vhd
    Info (12022): Found design unit 1: Mux-Behavioral File: C:/LSD2/ProjetoFinal/Fase2/Mux.vhd Line: 11
    Info (12023): Found entity 1: Mux File: C:/LSD2/ProjetoFinal/Fase2/Mux.vhd Line: 4
Info (12021): Found 2 design units, including 1 entities, in source file selprod.vhd
    Info (12022): Found design unit 1: SelProd-Behavioral File: C:/LSD2/ProjetoFinal/Fase2/SelProd.vhd Line: 13
    Info (12023): Found entity 1: SelProd File: C:/LSD2/ProjetoFinal/Fase2/SelProd.vhd Line: 5
Info (12021): Found 2 design units, including 1 entities, in source file contmoedas.vhd
    Info (12022): Found design unit 1: ContMoedas-Behavioral File: C:/LSD2/ProjetoFinal/Fase2/ContMoedas.vhd Line: 17
    Info (12023): Found entity 1: ContMoedas File: C:/LSD2/ProjetoFinal/Fase2/ContMoedas.vhd Line: 5
Info (12021): Found 2 design units, including 1 entities, in source file maqvendas.vhd
    Info (12022): Found design unit 1: MaqVendas-Behavioral File: C:/LSD2/ProjetoFinal/Fase2/MaqVendas.vhd Line: 15
    Info (12023): Found entity 1: MaqVendas File: C:/LSD2/ProjetoFinal/Fase2/MaqVendas.vhd Line: 4
Info (12021): Found 2 design units, including 1 entities, in source file clkdivider.vhd
    Info (12022): Found design unit 1: ClkDivider-Behavioral File: C:/LSD2/ProjetoFinal/Fase2/ClkDivider.vhd Line: 10
    Info (12023): Found entity 1: ClkDivider File: C:/LSD2/ProjetoFinal/Fase2/ClkDivider.vhd Line: 5
Info (12021): Found 2 design units, including 1 entities, in source file bin7segdecoder.vhd
    Info (12022): Found design unit 1: Bin7SegDecoder-Behavioral File: C:/LSD2/ProjetoFinal/Fase2/Bin7SegDecoder.vhd Line: 10
    Info (12023): Found entity 1: Bin7SegDecoder File: C:/LSD2/ProjetoFinal/Fase2/Bin7SegDecoder.vhd Line: 4
Info (12021): Found 2 design units, including 1 entities, in source file fase2.vhd
    Info (12022): Found design unit 1: Fase2-Shell File: C:/LSD2/ProjetoFinal/Fase2/Fase2.vhd Line: 15
    Info (12023): Found entity 1: Fase2 File: C:/LSD2/ProjetoFinal/Fase2/Fase2.vhd Line: 4
Info (12021): Found 2 design units, including 1 entities, in source file holder.vhd
    Info (12022): Found design unit 1: Holder-Behavioral File: C:/LSD2/ProjetoFinal/Fase2/Holder.vhd Line: 10
    Info (12023): Found entity 1: Holder File: C:/LSD2/ProjetoFinal/Fase2/Holder.vhd Line: 4
Info (12021): Found 2 design units, including 1 entities, in source file troco.vhd
    Info (12022): Found design unit 1: Troco-Behavioral File: C:/LSD2/ProjetoFinal/Fase2/Troco.vhd Line: 12
    Info (12023): Found entity 1: Troco File: C:/LSD2/ProjetoFinal/Fase2/Troco.vhd Line: 5
Info (12021): Found 2 design units, including 1 entities, in source file troco2bcd.vhd
    Info (12022): Found design unit 1: Troco2bcd-Behavioral File: C:/LSD2/ProjetoFinal/Fase2/Troco2bcd.vhd Line: 11
    Info (12023): Found entity 1: Troco2bcd File: C:/LSD2/ProjetoFinal/Fase2/Troco2bcd.vhd Line: 5
Info (12127): Elaborating entity "Fase2" for the top level hierarchy
Warning (10873): Using initial value X (don't care) for net "LEDG[3..2]" at Fase2.vhd(9) File: C:/LSD2/ProjetoFinal/Fase2/Fase2.vhd Line: 9
Info (12129): Elaborating entity "ClkDivider" using architecture "A:behavioral" for hierarchy "ClkDivider:clk" File: C:/LSD2/ProjetoFinal/Fase2/Fase2.vhd Line: 33
Info (12129): Elaborating entity "Mux" using architecture "A:behavioral" for hierarchy "Mux:Mux" File: C:/LSD2/ProjetoFinal/Fase2/Fase2.vhd Line: 37
Info (12129): Elaborating entity "SelProd" using architecture "A:behavioral" for hierarchy "SelProd:Prod" File: C:/LSD2/ProjetoFinal/Fase2/Fase2.vhd Line: 43
Warning (10631): VHDL Process Statement warning at SelProd.vhd(18): inferring latch(es) for signal or variable "s_estado", which holds its previous value in one or more paths through the process File: C:/LSD2/ProjetoFinal/Fase2/SelProd.vhd Line: 18
Warning (10631): VHDL Process Statement warning at SelProd.vhd(18): inferring latch(es) for signal or variable "s_valProd", which holds its previous value in one or more paths through the process File: C:/LSD2/ProjetoFinal/Fase2/SelProd.vhd Line: 18
Warning (10631): VHDL Process Statement warning at SelProd.vhd(18): inferring latch(es) for signal or variable "s_numProd", which holds its previous value in one or more paths through the process File: C:/LSD2/ProjetoFinal/Fase2/SelProd.vhd Line: 18
Info (10041): Inferred latch for "s_numProd[0]" at SelProd.vhd(18) File: C:/LSD2/ProjetoFinal/Fase2/SelProd.vhd Line: 18
Info (10041): Inferred latch for "s_numProd[1]" at SelProd.vhd(18) File: C:/LSD2/ProjetoFinal/Fase2/SelProd.vhd Line: 18
Info (10041): Inferred latch for "s_numProd[2]" at SelProd.vhd(18) File: C:/LSD2/ProjetoFinal/Fase2/SelProd.vhd Line: 18
Info (10041): Inferred latch for "s_numProd[3]" at SelProd.vhd(18) File: C:/LSD2/ProjetoFinal/Fase2/SelProd.vhd Line: 18
Info (10041): Inferred latch for "s_valProd[0]" at SelProd.vhd(18) File: C:/LSD2/ProjetoFinal/Fase2/SelProd.vhd Line: 18
Info (10041): Inferred latch for "s_valProd[1]" at SelProd.vhd(18) File: C:/LSD2/ProjetoFinal/Fase2/SelProd.vhd Line: 18
Info (10041): Inferred latch for "s_valProd[2]" at SelProd.vhd(18) File: C:/LSD2/ProjetoFinal/Fase2/SelProd.vhd Line: 18
Info (10041): Inferred latch for "s_valProd[3]" at SelProd.vhd(18) File: C:/LSD2/ProjetoFinal/Fase2/SelProd.vhd Line: 18
Info (10041): Inferred latch for "s_valProd[4]" at SelProd.vhd(18) File: C:/LSD2/ProjetoFinal/Fase2/SelProd.vhd Line: 18
Info (10041): Inferred latch for "s_valProd[5]" at SelProd.vhd(18) File: C:/LSD2/ProjetoFinal/Fase2/SelProd.vhd Line: 18
Info (10041): Inferred latch for "s_valProd[6]" at SelProd.vhd(18) File: C:/LSD2/ProjetoFinal/Fase2/SelProd.vhd Line: 18
Info (10041): Inferred latch for "s_valProd[7]" at SelProd.vhd(18) File: C:/LSD2/ProjetoFinal/Fase2/SelProd.vhd Line: 18
Info (10041): Inferred latch for "s_estado" at SelProd.vhd(18) File: C:/LSD2/ProjetoFinal/Fase2/SelProd.vhd Line: 18
Info (12129): Elaborating entity "MaqVendas" using architecture "A:behavioral" for hierarchy "MaqVendas:Maquina" File: C:/LSD2/ProjetoFinal/Fase2/Fase2.vhd Line: 50
Warning (10492): VHDL Process Statement warning at MaqVendas.vhd(40): signal "start" is read inside the Process Statement but isn't in the Process Statement's sensitivity list File: C:/LSD2/ProjetoFinal/Fase2/MaqVendas.vhd Line: 40
Warning (10492): VHDL Process Statement warning at MaqVendas.vhd(50): signal "selProd" is read inside the Process Statement but isn't in the Process Statement's sensitivity list File: C:/LSD2/ProjetoFinal/Fase2/MaqVendas.vhd Line: 50
Warning (10492): VHDL Process Statement warning at MaqVendas.vhd(60): signal "liberar" is read inside the Process Statement but isn't in the Process Statement's sensitivity list File: C:/LSD2/ProjetoFinal/Fase2/MaqVendas.vhd Line: 60
Info (12129): Elaborating entity "ContMoedas" using architecture "A:behavioral" for hierarchy "ContMoedas:Moed" File: C:/LSD2/ProjetoFinal/Fase2/Fase2.vhd Line: 60
Info (12129): Elaborating entity "Bin7SegDecoder" using architecture "A:behavioral" for hierarchy "Bin7SegDecoder:display1" File: C:/LSD2/ProjetoFinal/Fase2/Fase2.vhd Line: 70
Info (12129): Elaborating entity "Holder" using architecture "A:behavioral" for hierarchy "Holder:holder" File: C:/LSD2/ProjetoFinal/Fase2/Fase2.vhd Line: 75
Warning (10492): VHDL Process Statement warning at Holder.vhd(18): signal "Input" is read inside the Process Statement but isn't in the Process Statement's sensitivity list File: C:/LSD2/ProjetoFinal/Fase2/Holder.vhd Line: 18
Warning (10492): VHDL Process Statement warning at Holder.vhd(19): signal "Input" is read inside the Process Statement but isn't in the Process Statement's sensitivity list File: C:/LSD2/ProjetoFinal/Fase2/Holder.vhd Line: 19
Warning (10492): VHDL Process Statement warning at Holder.vhd(21): signal "s_Memory" is read inside the Process Statement but isn't in the Process Statement's sensitivity list File: C:/LSD2/ProjetoFinal/Fase2/Holder.vhd Line: 21
Warning (10631): VHDL Process Statement warning at Holder.vhd(15): inferring latch(es) for signal or variable "s_Memory", which holds its previous value in one or more paths through the process File: C:/LSD2/ProjetoFinal/Fase2/Holder.vhd Line: 15
Info (10041): Inferred latch for "s_Memory[0]" at Holder.vhd(15) File: C:/LSD2/ProjetoFinal/Fase2/Holder.vhd Line: 15
Info (10041): Inferred latch for "s_Memory[1]" at Holder.vhd(15) File: C:/LSD2/ProjetoFinal/Fase2/Holder.vhd Line: 15
Info (10041): Inferred latch for "s_Memory[2]" at Holder.vhd(15) File: C:/LSD2/ProjetoFinal/Fase2/Holder.vhd Line: 15
Info (10041): Inferred latch for "s_Memory[3]" at Holder.vhd(15) File: C:/LSD2/ProjetoFinal/Fase2/Holder.vhd Line: 15
Info (10041): Inferred latch for "s_Memory[4]" at Holder.vhd(15) File: C:/LSD2/ProjetoFinal/Fase2/Holder.vhd Line: 15
Info (10041): Inferred latch for "s_Memory[5]" at Holder.vhd(15) File: C:/LSD2/ProjetoFinal/Fase2/Holder.vhd Line: 15
Info (10041): Inferred latch for "s_Memory[6]" at Holder.vhd(15) File: C:/LSD2/ProjetoFinal/Fase2/Holder.vhd Line: 15
Info (10041): Inferred latch for "s_Memory[7]" at Holder.vhd(15) File: C:/LSD2/ProjetoFinal/Fase2/Holder.vhd Line: 15
Info (12129): Elaborating entity "Troco" using architecture "A:behavioral" for hierarchy "Troco:troco" File: C:/LSD2/ProjetoFinal/Fase2/Fase2.vhd Line: 80
Info (12129): Elaborating entity "Troco2bcd" using architecture "A:behavioral" for hierarchy "Troco2bcd:toBcd" File: C:/LSD2/ProjetoFinal/Fase2/Fase2.vhd Line: 86
Warning (19016): Clock multiplexers are found and protected
    Warning (19017): Found clock multiplexer Mux:Mux|Output~0 File: C:/LSD2/ProjetoFinal/Fase2/Mux.vhd Line: 8
Info (278001): Inferred 2 megafunctions from design logic
    Info (278004): Inferred divider/modulo megafunction ("lpm_divide") from the following logic: "Troco2bcd:toBcd|Mod0" File: C:/LSD2/ProjetoFinal/Fase2/Troco2bcd.vhd Line: 19
    Info (278004): Inferred divider/modulo megafunction ("lpm_divide") from the following logic: "Troco2bcd:toBcd|Div0" File: C:/LSD2/ProjetoFinal/Fase2/Troco2bcd.vhd Line: 18
Info (12130): Elaborated megafunction instantiation "Troco2bcd:toBcd|lpm_divide:Mod0" File: C:/LSD2/ProjetoFinal/Fase2/Troco2bcd.vhd Line: 19
Info (12133): Instantiated megafunction "Troco2bcd:toBcd|lpm_divide:Mod0" with the following parameter: File: C:/LSD2/ProjetoFinal/Fase2/Troco2bcd.vhd Line: 19
    Info (12134): Parameter "LPM_WIDTHN" = "7"
    Info (12134): Parameter "LPM_WIDTHD" = "7"
    Info (12134): Parameter "LPM_NREPRESENTATION" = "UNSIGNED"
    Info (12134): Parameter "LPM_DREPRESENTATION" = "UNSIGNED"
Info (12021): Found 1 design units, including 1 entities, in source file db/lpm_divide_o9m.tdf
    Info (12023): Found entity 1: lpm_divide_o9m File: C:/LSD2/ProjetoFinal/Fase2/db/lpm_divide_o9m.tdf Line: 24
Info (12021): Found 1 design units, including 1 entities, in source file db/sign_div_unsign_dkh.tdf
    Info (12023): Found entity 1: sign_div_unsign_dkh File: C:/LSD2/ProjetoFinal/Fase2/db/sign_div_unsign_dkh.tdf Line: 24
Info (12021): Found 1 design units, including 1 entities, in source file db/alt_u_div_e4f.tdf
    Info (12023): Found entity 1: alt_u_div_e4f File: C:/LSD2/ProjetoFinal/Fase2/db/alt_u_div_e4f.tdf Line: 26
Info (12021): Found 1 design units, including 1 entities, in source file db/add_sub_7pc.tdf
    Info (12023): Found entity 1: add_sub_7pc File: C:/LSD2/ProjetoFinal/Fase2/db/add_sub_7pc.tdf Line: 22
Info (12021): Found 1 design units, including 1 entities, in source file db/add_sub_8pc.tdf
    Info (12023): Found entity 1: add_sub_8pc File: C:/LSD2/ProjetoFinal/Fase2/db/add_sub_8pc.tdf Line: 22
Info (12130): Elaborated megafunction instantiation "Troco2bcd:toBcd|lpm_divide:Div0" File: C:/LSD2/ProjetoFinal/Fase2/Troco2bcd.vhd Line: 18
Info (12133): Instantiated megafunction "Troco2bcd:toBcd|lpm_divide:Div0" with the following parameter: File: C:/LSD2/ProjetoFinal/Fase2/Troco2bcd.vhd Line: 18
    Info (12134): Parameter "LPM_WIDTHN" = "7"
    Info (12134): Parameter "LPM_WIDTHD" = "4"
    Info (12134): Parameter "LPM_NREPRESENTATION" = "UNSIGNED"
    Info (12134): Parameter "LPM_DREPRESENTATION" = "UNSIGNED"
Info (12021): Found 1 design units, including 1 entities, in source file db/lpm_divide_ihm.tdf
    Info (12023): Found entity 1: lpm_divide_ihm File: C:/LSD2/ProjetoFinal/Fase2/db/lpm_divide_ihm.tdf Line: 24
Info (12021): Found 1 design units, including 1 entities, in source file db/sign_div_unsign_akh.tdf
    Info (12023): Found entity 1: sign_div_unsign_akh File: C:/LSD2/ProjetoFinal/Fase2/db/sign_div_unsign_akh.tdf Line: 24
Info (12021): Found 1 design units, including 1 entities, in source file db/alt_u_div_84f.tdf
    Info (12023): Found entity 1: alt_u_div_84f File: C:/LSD2/ProjetoFinal/Fase2/db/alt_u_div_84f.tdf Line: 26
Warning (13024): Output pins are stuck at VCC or GND
    Warning (13410): Pin "LEDR[3]" is stuck at GND File: C:/LSD2/ProjetoFinal/Fase2/Fase2.vhd Line: 8
    Warning (13410): Pin "LEDG[2]" is stuck at GND File: C:/LSD2/ProjetoFinal/Fase2/Fase2.vhd Line: 9
    Warning (13410): Pin "LEDG[3]" is stuck at GND File: C:/LSD2/ProjetoFinal/Fase2/Fase2.vhd Line: 9
Info (286030): Timing-Driven Synthesis is running
Info (17049): 1 registers lost all their fanouts during netlist optimizations.
Info (16010): Generating hard_block partition "hard_block:auto_generated_inst"
    Info (16011): Adding 0 node(s), including 0 DDIO, 0 PLL, 0 transceiver and 0 LCELL
Warning (21074): Design contains 11 input pin(s) that do not drive logic
    Warning (15610): No output dependent on input pin "SW[4]" File: C:/LSD2/ProjetoFinal/Fase2/Fase2.vhd Line: 7
    Warning (15610): No output dependent on input pin "SW[5]" File: C:/LSD2/ProjetoFinal/Fase2/Fase2.vhd Line: 7
    Warning (15610): No output dependent on input pin "SW[6]" File: C:/LSD2/ProjetoFinal/Fase2/Fase2.vhd Line: 7
    Warning (15610): No output dependent on input pin "SW[7]" File: C:/LSD2/ProjetoFinal/Fase2/Fase2.vhd Line: 7
    Warning (15610): No output dependent on input pin "SW[8]" File: C:/LSD2/ProjetoFinal/Fase2/Fase2.vhd Line: 7
    Warning (15610): No output dependent on input pin "SW[9]" File: C:/LSD2/ProjetoFinal/Fase2/Fase2.vhd Line: 7
    Warning (15610): No output dependent on input pin "SW[10]" File: C:/LSD2/ProjetoFinal/Fase2/Fase2.vhd Line: 7
    Warning (15610): No output dependent on input pin "SW[11]" File: C:/LSD2/ProjetoFinal/Fase2/Fase2.vhd Line: 7
    Warning (15610): No output dependent on input pin "SW[12]" File: C:/LSD2/ProjetoFinal/Fase2/Fase2.vhd Line: 7
    Warning (15610): No output dependent on input pin "SW[13]" File: C:/LSD2/ProjetoFinal/Fase2/Fase2.vhd Line: 7
    Warning (15610): No output dependent on input pin "SW[14]" File: C:/LSD2/ProjetoFinal/Fase2/Fase2.vhd Line: 7
Info (21057): Implemented 311 device resources after synthesis - the final resource count might be different
    Info (21058): Implemented 20 input pins
    Info (21059): Implemented 29 output pins
    Info (21061): Implemented 262 logic cells
Info: Quartus Prime Analysis & Synthesis was successful. 0 errors, 31 warnings
    Info: Peak virtual memory: 4811 megabytes
    Info: Processing ended: Wed May 22 17:32:27 2019
    Info: Elapsed time: 00:00:16
    Info: Total CPU time (on all processors): 00:00:30


