Analysis & Synthesis report for Vending_Machine_Ultimate
Wed May 29 01:18:45 2019
Quartus Prime Version 17.1.0 Build 590 10/25/2017 SJ Lite Edition


---------------------
; Table of Contents ;
---------------------
  1. Legal Notice
  2. Analysis & Synthesis Summary
  3. Analysis & Synthesis Settings
  4. Parallel Compilation
  5. Analysis & Synthesis Source Files Read
  6. Analysis & Synthesis Resource Usage Summary
  7. Analysis & Synthesis Resource Utilization by Entity
  8. State Machine - |Vending_Machine_Ultimate|states:states|PS
  9. Registers Removed During Synthesis
 10. Removed Registers Triggering Further Register Optimizations
 11. General Register Statistics
 12. Inverted Register Statistics
 13. Multiplexer Restructuring Statistics (Restructuring Performed)
 14. Parameter Settings for User Entity Instance: DebounceUnit:key0
 15. Parameter Settings for User Entity Instance: DebounceUnit:key1
 16. Parameter Settings for User Entity Instance: DebounceUnit:key2
 17. Parameter Settings for User Entity Instance: DebounceUnit:key3
 18. Parameter Settings for Inferred Entity Instance: BinToBCD:bin2BCD_01|lpm_divide:Mod0
 19. Parameter Settings for Inferred Entity Instance: BinToBCD:bin2BCD_01|lpm_divide:Div0
 20. Parameter Settings for Inferred Entity Instance: BinToBCD:bin2BCD_01|lpm_divide:Mod1
 21. Parameter Settings for Inferred Entity Instance: limite_troco:limite_troco|lpm_divide:Div0
 22. Post-Synthesis Netlist Statistics for Top Partition
 23. Elapsed Time Per Partition
 24. Analysis & Synthesis Messages



----------------
; Legal Notice ;
----------------
Copyright (C) 2017  Intel Corporation. All rights reserved.
Your use of Intel Corporation's design tools, logic functions 
and other software and tools, and its AMPP partner logic 
functions, and any output files from any of the foregoing 
(including device programming or simulation files), and any 
associated documentation or information are expressly subject 
to the terms and conditions of the Intel Program License 
Subscription Agreement, the Intel Quartus Prime License Agreement,
the Intel FPGA IP License Agreement, or other applicable license
agreement, including, without limitation, that your use is for
the sole purpose of programming logic devices manufactured by
Intel and sold by Intel or its authorized distributors.  Please
refer to the applicable agreement for further details.



+----------------------------------------------------------------------------------+
; Analysis & Synthesis Summary                                                     ;
+------------------------------------+---------------------------------------------+
; Analysis & Synthesis Status        ; Successful - Wed May 29 01:18:45 2019       ;
; Quartus Prime Version              ; 17.1.0 Build 590 10/25/2017 SJ Lite Edition ;
; Revision Name                      ; Vending_Machine_Ultimate                    ;
; Top-level Entity Name              ; Vending_Machine_Ultimate                    ;
; Family                             ; Cyclone IV E                                ;
; Total logic elements               ; 709                                         ;
;     Total combinational functions  ; 705                                         ;
;     Dedicated logic registers      ; 179                                         ;
; Total registers                    ; 179                                         ;
; Total pins                         ; 65                                          ;
; Total virtual pins                 ; 0                                           ;
; Total memory bits                  ; 0                                           ;
; Embedded Multiplier 9-bit elements ; 0                                           ;
; Total PLLs                         ; 0                                           ;
+------------------------------------+---------------------------------------------+


+----------------------------------------------------------------------------------------------------------------------------------+
; Analysis & Synthesis Settings                                                                                                    ;
+----------------------------------------------------------------------------+--------------------------+--------------------------+
; Option                                                                     ; Setting                  ; Default Value            ;
+----------------------------------------------------------------------------+--------------------------+--------------------------+
; Device                                                                     ; EP4CE115F29C7            ;                          ;
; Top-level entity name                                                      ; Vending_Machine_Ultimate ; Vending_Machine_Ultimate ;
; Family name                                                                ; Cyclone IV E             ; Cyclone V                ;
; Use smart compilation                                                      ; Off                      ; Off                      ;
; Enable parallel Assembler and TimeQuest Timing Analyzer during compilation ; On                       ; On                       ;
; Enable compact report table                                                ; Off                      ; Off                      ;
; Restructure Multiplexers                                                   ; Auto                     ; Auto                     ;
; Create Debugging Nodes for IP Cores                                        ; Off                      ; Off                      ;
; Preserve fewer node names                                                  ; On                       ; On                       ;
; Intel FPGA IP Evaluation Mode                                              ; Enable                   ; Enable                   ;
; Verilog Version                                                            ; Verilog_2001             ; Verilog_2001             ;
; VHDL Version                                                               ; VHDL_1993                ; VHDL_1993                ;
; State Machine Processing                                                   ; Auto                     ; Auto                     ;
; Safe State Machine                                                         ; Off                      ; Off                      ;
; Extract Verilog State Machines                                             ; On                       ; On                       ;
; Extract VHDL State Machines                                                ; On                       ; On                       ;
; Ignore Verilog initial constructs                                          ; Off                      ; Off                      ;
; Iteration limit for constant Verilog loops                                 ; 5000                     ; 5000                     ;
; Iteration limit for non-constant Verilog loops                             ; 250                      ; 250                      ;
; Add Pass-Through Logic to Inferred RAMs                                    ; On                       ; On                       ;
; Infer RAMs from Raw Logic                                                  ; On                       ; On                       ;
; Parallel Synthesis                                                         ; On                       ; On                       ;
; DSP Block Balancing                                                        ; Auto                     ; Auto                     ;
; NOT Gate Push-Back                                                         ; On                       ; On                       ;
; Power-Up Don't Care                                                        ; On                       ; On                       ;
; Remove Redundant Logic Cells                                               ; Off                      ; Off                      ;
; Remove Duplicate Registers                                                 ; On                       ; On                       ;
; Ignore CARRY Buffers                                                       ; Off                      ; Off                      ;
; Ignore CASCADE Buffers                                                     ; Off                      ; Off                      ;
; Ignore GLOBAL Buffers                                                      ; Off                      ; Off                      ;
; Ignore ROW GLOBAL Buffers                                                  ; Off                      ; Off                      ;
; Ignore LCELL Buffers                                                       ; Off                      ; Off                      ;
; Ignore SOFT Buffers                                                        ; On                       ; On                       ;
; Limit AHDL Integers to 32 Bits                                             ; Off                      ; Off                      ;
; Optimization Technique                                                     ; Balanced                 ; Balanced                 ;
; Carry Chain Length                                                         ; 70                       ; 70                       ;
; Auto Carry Chains                                                          ; On                       ; On                       ;
; Auto Open-Drain Pins                                                       ; On                       ; On                       ;
; Perform WYSIWYG Primitive Resynthesis                                      ; Off                      ; Off                      ;
; Auto ROM Replacement                                                       ; On                       ; On                       ;
; Auto RAM Replacement                                                       ; On                       ; On                       ;
; Auto DSP Block Replacement                                                 ; On                       ; On                       ;
; Auto Shift Register Replacement                                            ; Auto                     ; Auto                     ;
; Allow Shift Register Merging across Hierarchies                            ; Auto                     ; Auto                     ;
; Auto Clock Enable Replacement                                              ; On                       ; On                       ;
; Strict RAM Replacement                                                     ; Off                      ; Off                      ;
; Allow Synchronous Control Signals                                          ; On                       ; On                       ;
; Force Use of Synchronous Clear Signals                                     ; Off                      ; Off                      ;
; Auto RAM Block Balancing                                                   ; On                       ; On                       ;
; Auto RAM to Logic Cell Conversion                                          ; Off                      ; Off                      ;
; Auto Resource Sharing                                                      ; Off                      ; Off                      ;
; Allow Any RAM Size For Recognition                                         ; Off                      ; Off                      ;
; Allow Any ROM Size For Recognition                                         ; Off                      ; Off                      ;
; Allow Any Shift Register Size For Recognition                              ; Off                      ; Off                      ;
; Use LogicLock Constraints during Resource Balancing                        ; On                       ; On                       ;
; Ignore translate_off and synthesis_off directives                          ; Off                      ; Off                      ;
; Timing-Driven Synthesis                                                    ; On                       ; On                       ;
; Report Parameter Settings                                                  ; On                       ; On                       ;
; Report Source Assignments                                                  ; On                       ; On                       ;
; Report Connectivity Checks                                                 ; On                       ; On                       ;
; Ignore Maximum Fan-Out Assignments                                         ; Off                      ; Off                      ;
; Synchronization Register Chain Length                                      ; 2                        ; 2                        ;
; Power Optimization During Synthesis                                        ; Normal compilation       ; Normal compilation       ;
; HDL message level                                                          ; Level2                   ; Level2                   ;
; Suppress Register Optimization Related Messages                            ; Off                      ; Off                      ;
; Number of Removed Registers Reported in Synthesis Report                   ; 5000                     ; 5000                     ;
; Number of Swept Nodes Reported in Synthesis Report                         ; 5000                     ; 5000                     ;
; Number of Inverted Registers Reported in Synthesis Report                  ; 100                      ; 100                      ;
; Clock MUX Protection                                                       ; On                       ; On                       ;
; Auto Gated Clock Conversion                                                ; Off                      ; Off                      ;
; Block Design Naming                                                        ; Auto                     ; Auto                     ;
; SDC constraint protection                                                  ; Off                      ; Off                      ;
; Synthesis Effort                                                           ; Auto                     ; Auto                     ;
; Shift Register Replacement - Allow Asynchronous Clear Signal               ; On                       ; On                       ;
; Pre-Mapping Resynthesis Optimization                                       ; Off                      ; Off                      ;
; Analysis & Synthesis Message Level                                         ; Medium                   ; Medium                   ;
; Disable Register Merging Across Hierarchies                                ; Auto                     ; Auto                     ;
; Resource Aware Inference For Block RAM                                     ; On                       ; On                       ;
+----------------------------------------------------------------------------+--------------------------+--------------------------+


+------------------------------------------+
; Parallel Compilation                     ;
+----------------------------+-------------+
; Processors                 ; Number      ;
+----------------------------+-------------+
; Number detected on machine ; 8           ;
; Maximum allowed            ; 4           ;
;                            ;             ;
; Average used               ; 1.00        ;
; Maximum used               ; 4           ;
;                            ;             ;
; Usage by Processor         ; % Time Used ;
;     Processor 1            ; 100.0%      ;
;     Processor 2            ;   0.0%      ;
;     Processors 3-4         ;   0.0%      ;
+----------------------------+-------------+


+--------------------------------------------------------------------------------------------------------------------------------------------------------------------------+
; Analysis & Synthesis Source Files Read                                                                                                                                   ;
+----------------------------------+-----------------+------------------------------+----------------------------------------------------------------------------+---------+
; File Name with User-Entered Path ; Used in Netlist ; File Type                    ; File Name with Absolute Path                                               ; Library ;
+----------------------------------+-----------------+------------------------------+----------------------------------------------------------------------------+---------+
; Debouncer.vhd                    ; yes             ; User VHDL File               ; D:/Programacao/Quartus/LSD/projFinal3/Debouncer.vhd                        ;         ;
; states.vhd                       ; yes             ; User VHDL File               ; D:/Programacao/Quartus/LSD/projFinal3/states.vhd                           ;         ;
; switchesCounter.vhd              ; yes             ; User VHDL File               ; D:/Programacao/Quartus/LSD/projFinal3/switchesCounter.vhd                  ;         ;
; Acumulador.vhd                   ; yes             ; User VHDL File               ; D:/Programacao/Quartus/LSD/projFinal3/Acumulador.vhd                       ;         ;
; Vending_Machine_Ultimate.vhd     ; yes             ; User VHDL File               ; D:/Programacao/Quartus/LSD/projFinal3/Vending_Machine_Ultimate.vhd         ;         ;
; BinToBCD.vhd                     ; yes             ; User VHDL File               ; D:/Programacao/Quartus/LSD/projFinal3/BinToBCD.vhd                         ;         ;
; Bin7SegDecoder.vhd               ; yes             ; User VHDL File               ; D:/Programacao/Quartus/LSD/projFinal3/Bin7SegDecoder.vhd                   ;         ;
; hexPiscar.vhd                    ; yes             ; User VHDL File               ; D:/Programacao/Quartus/LSD/projFinal3/hexPiscar.vhd                        ;         ;
; price.vhd                        ; yes             ; User VHDL File               ; D:/Programacao/Quartus/LSD/projFinal3/price.vhd                            ;         ;
; troco.vhd                        ; yes             ; User VHDL File               ; D:/Programacao/Quartus/LSD/projFinal3/troco.vhd                            ;         ;
; limite_troco.vhd                 ; yes             ; User VHDL File               ; D:/Programacao/Quartus/LSD/projFinal3/limite_troco.vhd                     ;         ;
; moedas_leds.vhd                  ; yes             ; User VHDL File               ; D:/Programacao/Quartus/LSD/projFinal3/moedas_leds.vhd                      ;         ;
; lpm_divide.tdf                   ; yes             ; Megafunction                 ; d:/programacao/quartus/quartus/libraries/megafunctions/lpm_divide.tdf      ;         ;
; abs_divider.inc                  ; yes             ; Megafunction                 ; d:/programacao/quartus/quartus/libraries/megafunctions/abs_divider.inc     ;         ;
; sign_div_unsign.inc              ; yes             ; Megafunction                 ; d:/programacao/quartus/quartus/libraries/megafunctions/sign_div_unsign.inc ;         ;
; aglobal171.inc                   ; yes             ; Megafunction                 ; d:/programacao/quartus/quartus/libraries/megafunctions/aglobal171.inc      ;         ;
; db/lpm_divide_q9m.tdf            ; yes             ; Auto-Generated Megafunction  ; D:/Programacao/Quartus/LSD/projFinal3/db/lpm_divide_q9m.tdf                ;         ;
; db/sign_div_unsign_fkh.tdf       ; yes             ; Auto-Generated Megafunction  ; D:/Programacao/Quartus/LSD/projFinal3/db/sign_div_unsign_fkh.tdf           ;         ;
; db/alt_u_div_i4f.tdf             ; yes             ; Auto-Generated Megafunction  ; D:/Programacao/Quartus/LSD/projFinal3/db/alt_u_div_i4f.tdf                 ;         ;
; db/add_sub_7pc.tdf               ; yes             ; Auto-Generated Megafunction  ; D:/Programacao/Quartus/LSD/projFinal3/db/add_sub_7pc.tdf                   ;         ;
; db/add_sub_8pc.tdf               ; yes             ; Auto-Generated Megafunction  ; D:/Programacao/Quartus/LSD/projFinal3/db/add_sub_8pc.tdf                   ;         ;
; db/lpm_divide_jhm.tdf            ; yes             ; Auto-Generated Megafunction  ; D:/Programacao/Quartus/LSD/projFinal3/db/lpm_divide_jhm.tdf                ;         ;
; db/sign_div_unsign_bkh.tdf       ; yes             ; Auto-Generated Megafunction  ; D:/Programacao/Quartus/LSD/projFinal3/db/sign_div_unsign_bkh.tdf           ;         ;
; db/alt_u_div_a4f.tdf             ; yes             ; Auto-Generated Megafunction  ; D:/Programacao/Quartus/LSD/projFinal3/db/alt_u_div_a4f.tdf                 ;         ;
; db/lpm_divide_khm.tdf            ; yes             ; Auto-Generated Megafunction  ; D:/Programacao/Quartus/LSD/projFinal3/db/lpm_divide_khm.tdf                ;         ;
; db/sign_div_unsign_ckh.tdf       ; yes             ; Auto-Generated Megafunction  ; D:/Programacao/Quartus/LSD/projFinal3/db/sign_div_unsign_ckh.tdf           ;         ;
; db/alt_u_div_94f.tdf             ; yes             ; Auto-Generated Megafunction  ; D:/Programacao/Quartus/LSD/projFinal3/db/alt_u_div_94f.tdf                 ;         ;
+----------------------------------+-----------------+------------------------------+----------------------------------------------------------------------------+---------+


+--------------------------------------------------------------+
; Analysis & Synthesis Resource Usage Summary                  ;
+---------------------------------------------+----------------+
; Resource                                    ; Usage          ;
+---------------------------------------------+----------------+
; Estimated Total logic elements              ; 709            ;
;                                             ;                ;
; Total combinational functions               ; 705            ;
; Logic element usage by number of LUT inputs ;                ;
;     -- 4 input functions                    ; 198            ;
;     -- 3 input functions                    ; 143            ;
;     -- <=2 input functions                  ; 364            ;
;                                             ;                ;
; Logic elements by mode                      ;                ;
;     -- normal mode                          ; 472            ;
;     -- arithmetic mode                      ; 233            ;
;                                             ;                ;
; Total registers                             ; 179            ;
;     -- Dedicated logic registers            ; 179            ;
;     -- I/O registers                        ; 0              ;
;                                             ;                ;
; I/O pins                                    ; 65             ;
;                                             ;                ;
; Embedded Multiplier 9-bit elements          ; 0              ;
;                                             ;                ;
; Maximum fan-out node                        ; CLOCK_50~input ;
; Maximum fan-out                             ; 179            ;
; Total fan-out                               ; 2514           ;
; Average fan-out                             ; 2.48           ;
+---------------------------------------------+----------------+


+----------------------------------------------------------------------------------------------------------------------------------------------------------------------------------------------------------------------------------------------------------------------------------------------------------------------------------------------------------------------+
; Analysis & Synthesis Resource Utilization by Entity                                                                                                                                                                                                                                                                                                                  ;
+-------------------------------------------+---------------------+---------------------------+-------------+--------------+---------+-----------+------+--------------+-----------------------------------------------------------------------------------------------------------------------------------------------------+--------------------------+--------------+
; Compilation Hierarchy Node                ; Combinational ALUTs ; Dedicated Logic Registers ; Memory Bits ; DSP Elements ; DSP 9x9 ; DSP 18x18 ; Pins ; Virtual Pins ; Full Hierarchy Name                                                                                                                                 ; Entity Name              ; Library Name ;
+-------------------------------------------+---------------------+---------------------------+-------------+--------------+---------+-----------+------+--------------+-----------------------------------------------------------------------------------------------------------------------------------------------------+--------------------------+--------------+
; |Vending_Machine_Ultimate                 ; 705 (0)             ; 179 (0)                   ; 0           ; 0            ; 0       ; 0         ; 65   ; 0            ; |Vending_Machine_Ultimate                                                                                                                           ; Vending_Machine_Ultimate ; work         ;
;    |Acumulador:ac|                        ; 56 (56)             ; 8 (8)                     ; 0           ; 0            ; 0       ; 0         ; 0    ; 0            ; |Vending_Machine_Ultimate|Acumulador:ac                                                                                                             ; Acumulador               ; work         ;
;    |Bin7SegDecoder:outHex0|               ; 14 (14)             ; 0 (0)                     ; 0           ; 0            ; 0       ; 0         ; 0    ; 0            ; |Vending_Machine_Ultimate|Bin7SegDecoder:outHex0                                                                                                    ; Bin7SegDecoder           ; work         ;
;    |Bin7SegDecoder:outHex1|               ; 14 (14)             ; 0 (0)                     ; 0           ; 0            ; 0       ; 0         ; 0    ; 0            ; |Vending_Machine_Ultimate|Bin7SegDecoder:outHex1                                                                                                    ; Bin7SegDecoder           ; work         ;
;    |BinToBCD:bin2BCD_01|                  ; 175 (0)             ; 0 (0)                     ; 0           ; 0            ; 0       ; 0         ; 0    ; 0            ; |Vending_Machine_Ultimate|BinToBCD:bin2BCD_01                                                                                                       ; BinToBCD                 ; work         ;
;       |lpm_divide:Div0|                   ; 60 (0)              ; 0 (0)                     ; 0           ; 0            ; 0       ; 0         ; 0    ; 0            ; |Vending_Machine_Ultimate|BinToBCD:bin2BCD_01|lpm_divide:Div0                                                                                       ; lpm_divide               ; work         ;
;          |lpm_divide_jhm:auto_generated|  ; 60 (0)              ; 0 (0)                     ; 0           ; 0            ; 0       ; 0         ; 0    ; 0            ; |Vending_Machine_Ultimate|BinToBCD:bin2BCD_01|lpm_divide:Div0|lpm_divide_jhm:auto_generated                                                         ; lpm_divide_jhm           ; work         ;
;             |sign_div_unsign_bkh:divider| ; 60 (0)              ; 0 (0)                     ; 0           ; 0            ; 0       ; 0         ; 0    ; 0            ; |Vending_Machine_Ultimate|BinToBCD:bin2BCD_01|lpm_divide:Div0|lpm_divide_jhm:auto_generated|sign_div_unsign_bkh:divider                             ; sign_div_unsign_bkh      ; work         ;
;                |alt_u_div_a4f:divider|    ; 60 (60)             ; 0 (0)                     ; 0           ; 0            ; 0       ; 0         ; 0    ; 0            ; |Vending_Machine_Ultimate|BinToBCD:bin2BCD_01|lpm_divide:Div0|lpm_divide_jhm:auto_generated|sign_div_unsign_bkh:divider|alt_u_div_a4f:divider       ; alt_u_div_a4f            ; work         ;
;       |lpm_divide:Mod0|                   ; 83 (0)              ; 0 (0)                     ; 0           ; 0            ; 0       ; 0         ; 0    ; 0            ; |Vending_Machine_Ultimate|BinToBCD:bin2BCD_01|lpm_divide:Mod0                                                                                       ; lpm_divide               ; work         ;
;          |lpm_divide_q9m:auto_generated|  ; 83 (0)              ; 0 (0)                     ; 0           ; 0            ; 0       ; 0         ; 0    ; 0            ; |Vending_Machine_Ultimate|BinToBCD:bin2BCD_01|lpm_divide:Mod0|lpm_divide_q9m:auto_generated                                                         ; lpm_divide_q9m           ; work         ;
;             |sign_div_unsign_fkh:divider| ; 83 (0)              ; 0 (0)                     ; 0           ; 0            ; 0       ; 0         ; 0    ; 0            ; |Vending_Machine_Ultimate|BinToBCD:bin2BCD_01|lpm_divide:Mod0|lpm_divide_q9m:auto_generated|sign_div_unsign_fkh:divider                             ; sign_div_unsign_fkh      ; work         ;
;                |alt_u_div_i4f:divider|    ; 83 (83)             ; 0 (0)                     ; 0           ; 0            ; 0       ; 0         ; 0    ; 0            ; |Vending_Machine_Ultimate|BinToBCD:bin2BCD_01|lpm_divide:Mod0|lpm_divide_q9m:auto_generated|sign_div_unsign_fkh:divider|alt_u_div_i4f:divider       ; alt_u_div_i4f            ; work         ;
;       |lpm_divide:Mod1|                   ; 32 (0)              ; 0 (0)                     ; 0           ; 0            ; 0       ; 0         ; 0    ; 0            ; |Vending_Machine_Ultimate|BinToBCD:bin2BCD_01|lpm_divide:Mod1                                                                                       ; lpm_divide               ; work         ;
;          |lpm_divide_q9m:auto_generated|  ; 32 (0)              ; 0 (0)                     ; 0           ; 0            ; 0       ; 0         ; 0    ; 0            ; |Vending_Machine_Ultimate|BinToBCD:bin2BCD_01|lpm_divide:Mod1|lpm_divide_q9m:auto_generated                                                         ; lpm_divide_q9m           ; work         ;
;             |sign_div_unsign_fkh:divider| ; 32 (0)              ; 0 (0)                     ; 0           ; 0            ; 0       ; 0         ; 0    ; 0            ; |Vending_Machine_Ultimate|BinToBCD:bin2BCD_01|lpm_divide:Mod1|lpm_divide_q9m:auto_generated|sign_div_unsign_fkh:divider                             ; sign_div_unsign_fkh      ; work         ;
;                |alt_u_div_i4f:divider|    ; 32 (32)             ; 0 (0)                     ; 0           ; 0            ; 0       ; 0         ; 0    ; 0            ; |Vending_Machine_Ultimate|BinToBCD:bin2BCD_01|lpm_divide:Mod1|lpm_divide_q9m:auto_generated|sign_div_unsign_fkh:divider|alt_u_div_i4f:divider       ; alt_u_div_i4f            ; work         ;
;    |DebounceUnit:key0|                    ; 67 (67)             ; 26 (26)                   ; 0           ; 0            ; 0       ; 0         ; 0    ; 0            ; |Vending_Machine_Ultimate|DebounceUnit:key0                                                                                                         ; DebounceUnit             ; work         ;
;    |DebounceUnit:key1|                    ; 68 (68)             ; 26 (26)                   ; 0           ; 0            ; 0       ; 0         ; 0    ; 0            ; |Vending_Machine_Ultimate|DebounceUnit:key1                                                                                                         ; DebounceUnit             ; work         ;
;    |DebounceUnit:key2|                    ; 68 (68)             ; 26 (26)                   ; 0           ; 0            ; 0       ; 0         ; 0    ; 0            ; |Vending_Machine_Ultimate|DebounceUnit:key2                                                                                                         ; DebounceUnit             ; work         ;
;    |DebounceUnit:key3|                    ; 68 (68)             ; 26 (26)                   ; 0           ; 0            ; 0       ; 0         ; 0    ; 0            ; |Vending_Machine_Ultimate|DebounceUnit:key3                                                                                                         ; DebounceUnit             ; work         ;
;    |hexPiscar:piscar|                     ; 44 (44)             ; 34 (34)                   ; 0           ; 0            ; 0       ; 0         ; 0    ; 0            ; |Vending_Machine_Ultimate|hexPiscar:piscar                                                                                                          ; hexPiscar                ; work         ;
;    |limite_troco:limite_troco|            ; 67 (8)              ; 4 (4)                     ; 0           ; 0            ; 0       ; 0         ; 0    ; 0            ; |Vending_Machine_Ultimate|limite_troco:limite_troco                                                                                                 ; limite_troco             ; work         ;
;       |lpm_divide:Div0|                   ; 59 (0)              ; 0 (0)                     ; 0           ; 0            ; 0       ; 0         ; 0    ; 0            ; |Vending_Machine_Ultimate|limite_troco:limite_troco|lpm_divide:Div0                                                                                 ; lpm_divide               ; work         ;
;          |lpm_divide_khm:auto_generated|  ; 59 (0)              ; 0 (0)                     ; 0           ; 0            ; 0       ; 0         ; 0    ; 0            ; |Vending_Machine_Ultimate|limite_troco:limite_troco|lpm_divide:Div0|lpm_divide_khm:auto_generated                                                   ; lpm_divide_khm           ; work         ;
;             |sign_div_unsign_ckh:divider| ; 59 (0)              ; 0 (0)                     ; 0           ; 0            ; 0       ; 0         ; 0    ; 0            ; |Vending_Machine_Ultimate|limite_troco:limite_troco|lpm_divide:Div0|lpm_divide_khm:auto_generated|sign_div_unsign_ckh:divider                       ; sign_div_unsign_ckh      ; work         ;
;                |alt_u_div_94f:divider|    ; 59 (59)             ; 0 (0)                     ; 0           ; 0            ; 0       ; 0         ; 0    ; 0            ; |Vending_Machine_Ultimate|limite_troco:limite_troco|lpm_divide:Div0|lpm_divide_khm:auto_generated|sign_div_unsign_ckh:divider|alt_u_div_94f:divider ; alt_u_div_94f            ; work         ;
;    |moedas_leds:moedas_leds|              ; 10 (10)             ; 9 (9)                     ; 0           ; 0            ; 0       ; 0         ; 0    ; 0            ; |Vending_Machine_Ultimate|moedas_leds:moedas_leds                                                                                                   ; moedas_leds              ; work         ;
;    |price:price|                          ; 5 (5)               ; 4 (4)                     ; 0           ; 0            ; 0       ; 0         ; 0    ; 0            ; |Vending_Machine_Ultimate|price:price                                                                                                               ; price                    ; work         ;
;    |states:states|                        ; 37 (37)             ; 4 (4)                     ; 0           ; 0            ; 0       ; 0         ; 0    ; 0            ; |Vending_Machine_Ultimate|states:states                                                                                                             ; states                   ; work         ;
;    |switchesCounter:counter|              ; 3 (3)               ; 3 (3)                     ; 0           ; 0            ; 0       ; 0         ; 0    ; 0            ; |Vending_Machine_Ultimate|switchesCounter:counter                                                                                                   ; switchesCounter          ; work         ;
;    |troco:troco|                          ; 9 (9)               ; 9 (9)                     ; 0           ; 0            ; 0       ; 0         ; 0    ; 0            ; |Vending_Machine_Ultimate|troco:troco                                                                                                               ; troco                    ; work         ;
+-------------------------------------------+---------------------+---------------------------+-------------+--------------+---------+-----------+------+--------------+-----------------------------------------------------------------------------------------------------------------------------------------------------+--------------------------+--------------+
Note: For table entries with two numbers listed, the numbers in parentheses indicate the number of resources of the given type used by the specific entity alone. The numbers listed outside of parentheses indicate the total resources of the given type used by the specific entity and all of its sub-entities in the hierarchy.


Encoding Type:  One-Hot
+------------------------------------------------------------+
; State Machine - |Vending_Machine_Ultimate|states:states|PS ;
+-------+------+------+-------+------------------------------+
; Name  ; PS.F ; PS.S ; PS.SB ; PS.I                         ;
+-------+------+------+-------+------------------------------+
; PS.I  ; 0    ; 0    ; 0     ; 0                            ;
; PS.SB ; 0    ; 0    ; 1     ; 1                            ;
; PS.S  ; 0    ; 1    ; 0     ; 1                            ;
; PS.F  ; 1    ; 0    ; 0     ; 1                            ;
+-------+------+------+-------+------------------------------+


+-------------------------------------------------------------------------------------+
; Registers Removed During Synthesis                                                  ;
+--------------------------------------------+----------------------------------------+
; Register name                              ; Reason for Removal                     ;
+--------------------------------------------+----------------------------------------+
; price:price|price[6,7]                     ; Stuck at GND due to stuck port data_in ;
; price:price|price[4]                       ; Merged with price:price|price[1]       ;
; price:price|price[3]                       ; Merged with price:price|price[2]       ;
; moedas_leds:moedas_leds|leds[0]            ; Stuck at VCC due to stuck port data_in ;
; limite_troco:limite_troco|s_n_moedas[4..7] ; Lost fanout                            ;
; Total Number of Removed Registers = 9      ;                                        ;
+--------------------------------------------+----------------------------------------+


+--------------------------------------------------------------------------------------------------------------------------------------------------+
; Removed Registers Triggering Further Register Optimizations                                                                                      ;
+-----------------------------------------+--------------------+-----------------------------------------------------------------------------------+
; Register name                           ; Reason for Removal ; Registers Removed due to This Register                                            ;
+-----------------------------------------+--------------------+-----------------------------------------------------------------------------------+
; limite_troco:limite_troco|s_n_moedas[7] ; Lost Fanouts       ; limite_troco:limite_troco|s_n_moedas[6], limite_troco:limite_troco|s_n_moedas[5], ;
;                                         ;                    ; limite_troco:limite_troco|s_n_moedas[4]                                           ;
+-----------------------------------------+--------------------+-----------------------------------------------------------------------------------+


+------------------------------------------------------+
; General Register Statistics                          ;
+----------------------------------------------+-------+
; Statistic                                    ; Value ;
+----------------------------------------------+-------+
; Total registers                              ; 179   ;
; Number of registers using Synchronous Clear  ; 32    ;
; Number of registers using Synchronous Load   ; 0     ;
; Number of registers using Asynchronous Clear ; 0     ;
; Number of registers using Asynchronous Load  ; 0     ;
; Number of registers using Clock Enable       ; 127   ;
; Number of registers using Preset             ; 0     ;
+----------------------------------------------+-------+


+---------------------------------------------------+
; Inverted Register Statistics                      ;
+-----------------------------------------+---------+
; Inverted Register                       ; Fan out ;
+-----------------------------------------+---------+
; limite_troco:limite_troco|s_n_moedas[3] ; 11      ;
; limite_troco:limite_troco|s_n_moedas[1] ; 10      ;
; hexPiscar:piscar|s_switch               ; 2       ;
; Total number of inverted registers = 3  ;         ;
+-----------------------------------------+---------+


+-----------------------------------------------------------------------------------------------------------------------------------------------------------------------------+
; Multiplexer Restructuring Statistics (Restructuring Performed)                                                                                                              ;
+--------------------+-----------+---------------+----------------------+------------------------+------------+---------------------------------------------------------------+
; Multiplexer Inputs ; Bus Width ; Baseline Area ; Area if Restructured ; Saving if Restructured ; Registered ; Example Multiplexer Output                                    ;
+--------------------+-----------+---------------+----------------------+------------------------+------------+---------------------------------------------------------------+
; 3:1                ; 2 bits    ; 4 LEs         ; 4 LEs                ; 0 LEs                  ; Yes        ; |Vending_Machine_Ultimate|price:price|price[5]                ;
; 4:1                ; 2 bits    ; 4 LEs         ; 4 LEs                ; 0 LEs                  ; Yes        ; |Vending_Machine_Ultimate|price:price|price[1]                ;
; 16:1               ; 10 bits   ; 100 LEs       ; 60 LEs               ; 40 LEs                 ; Yes        ; |Vending_Machine_Ultimate|moedas_leds:moedas_leds|leds[3]     ;
; 5:1                ; 23 bits   ; 69 LEs        ; 46 LEs               ; 23 LEs                 ; Yes        ; |Vending_Machine_Ultimate|DebounceUnit:key3|s_debounceCnt[18] ;
; 5:1                ; 23 bits   ; 69 LEs        ; 46 LEs               ; 23 LEs                 ; Yes        ; |Vending_Machine_Ultimate|DebounceUnit:key2|s_debounceCnt[6]  ;
; 5:1                ; 23 bits   ; 69 LEs        ; 46 LEs               ; 23 LEs                 ; Yes        ; |Vending_Machine_Ultimate|DebounceUnit:key1|s_debounceCnt[21] ;
; 5:1                ; 23 bits   ; 69 LEs        ; 46 LEs               ; 23 LEs                 ; Yes        ; |Vending_Machine_Ultimate|DebounceUnit:key0|s_debounceCnt[6]  ;
; 7:1                ; 6 bits    ; 24 LEs        ; 18 LEs               ; 6 LEs                  ; Yes        ; |Vending_Machine_Ultimate|Acumulador:ac|s_count[7]            ;
; 3:1                ; 3 bits    ; 6 LEs         ; 6 LEs                ; 0 LEs                  ; No         ; |Vending_Machine_Ultimate|states:states|ledr0                 ;
; 6:1                ; 6 bits    ; 24 LEs        ; 12 LEs               ; 12 LEs                 ; No         ; |Vending_Machine_Ultimate|states:states|Selector6             ;
+--------------------+-----------+---------------+----------------------+------------------------+------------+---------------------------------------------------------------+


+----------------------------------------------------------------+
; Parameter Settings for User Entity Instance: DebounceUnit:key0 ;
+----------------+-------+---------------------------------------+
; Parameter Name ; Value ; Type                                  ;
+----------------+-------+---------------------------------------+
; khzclkfreq     ; 50000 ; Signed Integer                        ;
; msecmininwidth ; 100   ; Signed Integer                        ;
; inpolarity     ; '0'   ; Enumerated                            ;
; outpolarity    ; '1'   ; Enumerated                            ;
+----------------+-------+---------------------------------------+
Note: In order to hide this table in the UI and the text report file, please set the "Show Parameter Settings in Synthesis Report" option in "Analysis and Synthesis Settings -> More Settings" to "Off".


+----------------------------------------------------------------+
; Parameter Settings for User Entity Instance: DebounceUnit:key1 ;
+----------------+-------+---------------------------------------+
; Parameter Name ; Value ; Type                                  ;
+----------------+-------+---------------------------------------+
; khzclkfreq     ; 50000 ; Signed Integer                        ;
; msecmininwidth ; 100   ; Signed Integer                        ;
; inpolarity     ; '0'   ; Enumerated                            ;
; outpolarity    ; '1'   ; Enumerated                            ;
+----------------+-------+---------------------------------------+
Note: In order to hide this table in the UI and the text report file, please set the "Show Parameter Settings in Synthesis Report" option in "Analysis and Synthesis Settings -> More Settings" to "Off".


+----------------------------------------------------------------+
; Parameter Settings for User Entity Instance: DebounceUnit:key2 ;
+----------------+-------+---------------------------------------+
; Parameter Name ; Value ; Type                                  ;
+----------------+-------+---------------------------------------+
; khzclkfreq     ; 50000 ; Signed Integer                        ;
; msecmininwidth ; 100   ; Signed Integer                        ;
; inpolarity     ; '0'   ; Enumerated                            ;
; outpolarity    ; '1'   ; Enumerated                            ;
+----------------+-------+---------------------------------------+
Note: In order to hide this table in the UI and the text report file, please set the "Show Parameter Settings in Synthesis Report" option in "Analysis and Synthesis Settings -> More Settings" to "Off".


+----------------------------------------------------------------+
; Parameter Settings for User Entity Instance: DebounceUnit:key3 ;
+----------------+-------+---------------------------------------+
; Parameter Name ; Value ; Type                                  ;
+----------------+-------+---------------------------------------+
; khzclkfreq     ; 50000 ; Signed Integer                        ;
; msecmininwidth ; 100   ; Signed Integer                        ;
; inpolarity     ; '0'   ; Enumerated                            ;
; outpolarity    ; '1'   ; Enumerated                            ;
+----------------+-------+---------------------------------------+
Note: In order to hide this table in the UI and the text report file, please set the "Show Parameter Settings in Synthesis Report" option in "Analysis and Synthesis Settings -> More Settings" to "Off".


+--------------------------------------------------------------------------------------+
; Parameter Settings for Inferred Entity Instance: BinToBCD:bin2BCD_01|lpm_divide:Mod0 ;
+------------------------+----------------+--------------------------------------------+
; Parameter Name         ; Value          ; Type                                       ;
+------------------------+----------------+--------------------------------------------+
; LPM_WIDTHN             ; 8              ; Untyped                                    ;
; LPM_WIDTHD             ; 8              ; Untyped                                    ;
; LPM_NREPRESENTATION    ; UNSIGNED       ; Untyped                                    ;
; LPM_DREPRESENTATION    ; UNSIGNED       ; Untyped                                    ;
; LPM_PIPELINE           ; 0              ; Untyped                                    ;
; LPM_REMAINDERPOSITIVE  ; TRUE           ; Untyped                                    ;
; MAXIMIZE_SPEED         ; 5              ; Untyped                                    ;
; CBXI_PARAMETER         ; lpm_divide_q9m ; Untyped                                    ;
; CARRY_CHAIN            ; MANUAL         ; Untyped                                    ;
; OPTIMIZE_FOR_SPEED     ; 5              ; Untyped                                    ;
; AUTO_CARRY_CHAINS      ; ON             ; AUTO_CARRY                                 ;
; IGNORE_CARRY_BUFFERS   ; OFF            ; IGNORE_CARRY                               ;
; AUTO_CASCADE_CHAINS    ; ON             ; AUTO_CASCADE                               ;
; IGNORE_CASCADE_BUFFERS ; OFF            ; IGNORE_CASCADE                             ;
+------------------------+----------------+--------------------------------------------+
Note: In order to hide this table in the UI and the text report file, please set the "Show Parameter Settings in Synthesis Report" option in "Analysis and Synthesis Settings -> More Settings" to "Off".


+--------------------------------------------------------------------------------------+
; Parameter Settings for Inferred Entity Instance: BinToBCD:bin2BCD_01|lpm_divide:Div0 ;
+------------------------+----------------+--------------------------------------------+
; Parameter Name         ; Value          ; Type                                       ;
+------------------------+----------------+--------------------------------------------+
; LPM_WIDTHN             ; 8              ; Untyped                                    ;
; LPM_WIDTHD             ; 4              ; Untyped                                    ;
; LPM_NREPRESENTATION    ; UNSIGNED       ; Untyped                                    ;
; LPM_DREPRESENTATION    ; UNSIGNED       ; Untyped                                    ;
; LPM_PIPELINE           ; 0              ; Untyped                                    ;
; LPM_REMAINDERPOSITIVE  ; TRUE           ; Untyped                                    ;
; MAXIMIZE_SPEED         ; 5              ; Untyped                                    ;
; CBXI_PARAMETER         ; lpm_divide_jhm ; Untyped                                    ;
; CARRY_CHAIN            ; MANUAL         ; Untyped                                    ;
; OPTIMIZE_FOR_SPEED     ; 5              ; Untyped                                    ;
; AUTO_CARRY_CHAINS      ; ON             ; AUTO_CARRY                                 ;
; IGNORE_CARRY_BUFFERS   ; OFF            ; IGNORE_CARRY                               ;
; AUTO_CASCADE_CHAINS    ; ON             ; AUTO_CASCADE                               ;
; IGNORE_CASCADE_BUFFERS ; OFF            ; IGNORE_CASCADE                             ;
+------------------------+----------------+--------------------------------------------+
Note: In order to hide this table in the UI and the text report file, please set the "Show Parameter Settings in Synthesis Report" option in "Analysis and Synthesis Settings -> More Settings" to "Off".


+--------------------------------------------------------------------------------------+
; Parameter Settings for Inferred Entity Instance: BinToBCD:bin2BCD_01|lpm_divide:Mod1 ;
+------------------------+----------------+--------------------------------------------+
; Parameter Name         ; Value          ; Type                                       ;
+------------------------+----------------+--------------------------------------------+
; LPM_WIDTHN             ; 8              ; Untyped                                    ;
; LPM_WIDTHD             ; 8              ; Untyped                                    ;
; LPM_NREPRESENTATION    ; UNSIGNED       ; Untyped                                    ;
; LPM_DREPRESENTATION    ; UNSIGNED       ; Untyped                                    ;
; LPM_PIPELINE           ; 0              ; Untyped                                    ;
; LPM_REMAINDERPOSITIVE  ; TRUE           ; Untyped                                    ;
; MAXIMIZE_SPEED         ; 5              ; Untyped                                    ;
; CBXI_PARAMETER         ; lpm_divide_q9m ; Untyped                                    ;
; CARRY_CHAIN            ; MANUAL         ; Untyped                                    ;
; OPTIMIZE_FOR_SPEED     ; 5              ; Untyped                                    ;
; AUTO_CARRY_CHAINS      ; ON             ; AUTO_CARRY                                 ;
; IGNORE_CARRY_BUFFERS   ; OFF            ; IGNORE_CARRY                               ;
; AUTO_CASCADE_CHAINS    ; ON             ; AUTO_CASCADE                               ;
; IGNORE_CASCADE_BUFFERS ; OFF            ; IGNORE_CASCADE                             ;
+------------------------+----------------+--------------------------------------------+
Note: In order to hide this table in the UI and the text report file, please set the "Show Parameter Settings in Synthesis Report" option in "Analysis and Synthesis Settings -> More Settings" to "Off".


+--------------------------------------------------------------------------------------------+
; Parameter Settings for Inferred Entity Instance: limite_troco:limite_troco|lpm_divide:Div0 ;
+------------------------+----------------+--------------------------------------------------+
; Parameter Name         ; Value          ; Type                                             ;
+------------------------+----------------+--------------------------------------------------+
; LPM_WIDTHN             ; 8              ; Untyped                                          ;
; LPM_WIDTHD             ; 3              ; Untyped                                          ;
; LPM_NREPRESENTATION    ; UNSIGNED       ; Untyped                                          ;
; LPM_DREPRESENTATION    ; UNSIGNED       ; Untyped                                          ;
; LPM_PIPELINE           ; 0              ; Untyped                                          ;
; LPM_REMAINDERPOSITIVE  ; TRUE           ; Untyped                                          ;
; MAXIMIZE_SPEED         ; 5              ; Untyped                                          ;
; CBXI_PARAMETER         ; lpm_divide_khm ; Untyped                                          ;
; CARRY_CHAIN            ; MANUAL         ; Untyped                                          ;
; OPTIMIZE_FOR_SPEED     ; 5              ; Untyped                                          ;
; AUTO_CARRY_CHAINS      ; ON             ; AUTO_CARRY                                       ;
; IGNORE_CARRY_BUFFERS   ; OFF            ; IGNORE_CARRY                                     ;
; AUTO_CASCADE_CHAINS    ; ON             ; AUTO_CASCADE                                     ;
; IGNORE_CASCADE_BUFFERS ; OFF            ; IGNORE_CASCADE                                   ;
+------------------------+----------------+--------------------------------------------------+
Note: In order to hide this table in the UI and the text report file, please set the "Show Parameter Settings in Synthesis Report" option in "Analysis and Synthesis Settings -> More Settings" to "Off".


+-----------------------------------------------------+
; Post-Synthesis Netlist Statistics for Top Partition ;
+-----------------------+-----------------------------+
; Type                  ; Count                       ;
+-----------------------+-----------------------------+
; boundary_port         ; 65                          ;
; cycloneiii_ff         ; 179                         ;
;     ENA               ; 95                          ;
;     ENA SCLR          ; 32                          ;
;     plain             ; 52                          ;
; cycloneiii_lcell_comb ; 710                         ;
;     arith             ; 233                         ;
;         1 data inputs ; 3                           ;
;         2 data inputs ; 158                         ;
;         3 data inputs ; 72                          ;
;     normal            ; 477                         ;
;         0 data inputs ; 19                          ;
;         1 data inputs ; 21                          ;
;         2 data inputs ; 168                         ;
;         3 data inputs ; 71                          ;
;         4 data inputs ; 198                         ;
;                       ;                             ;
; Max LUT depth         ; 20.20                       ;
; Average LUT depth     ; 9.28                        ;
+-----------------------+-----------------------------+


+-------------------------------+
; Elapsed Time Per Partition    ;
+----------------+--------------+
; Partition Name ; Elapsed Time ;
+----------------+--------------+
; Top            ; 00:00:01     ;
+----------------+--------------+


+-------------------------------+
; Analysis & Synthesis Messages ;
+-------------------------------+
Info: *******************************************************************
Info: Running Quartus Prime Analysis & Synthesis
    Info: Version 17.1.0 Build 590 10/25/2017 SJ Lite Edition
    Info: Processing started: Wed May 29 01:18:34 2019
Info: Command: quartus_map --read_settings_files=on --write_settings_files=off Vending_Machine_Ultimate -c Vending_Machine_Ultimate
Warning (18236): Number of processors has not been specified which may cause overloading on shared machines.  Set the global assignment NUM_PARALLEL_PROCESSORS in your QSF to an appropriate value for best performance.
Info (20030): Parallel compilation is enabled and will use 4 of the 4 processors detected
Info (12021): Found 2 design units, including 1 entities, in source file debouncer.vhd
    Info (12022): Found design unit 1: DebounceUnit-Behavioral File: D:/Programacao/Quartus/LSD/projFinal3/Debouncer.vhd Line: 15
    Info (12023): Found entity 1: DebounceUnit File: D:/Programacao/Quartus/LSD/projFinal3/Debouncer.vhd Line: 5
Info (12021): Found 2 design units, including 1 entities, in source file states.vhd
    Info (12022): Found design unit 1: states-Behav File: D:/Programacao/Quartus/LSD/projFinal3/states.vhd Line: 24
    Info (12023): Found entity 1: states File: D:/Programacao/Quartus/LSD/projFinal3/states.vhd Line: 5
Info (12021): Found 2 design units, including 1 entities, in source file switchescounter.vhd
    Info (12022): Found design unit 1: switchesCounter-Behav File: D:/Programacao/Quartus/LSD/projFinal3/switchesCounter.vhd Line: 11
    Info (12023): Found entity 1: switchesCounter File: D:/Programacao/Quartus/LSD/projFinal3/switchesCounter.vhd Line: 5
Info (12021): Found 2 design units, including 1 entities, in source file acumulador.vhd
    Info (12022): Found design unit 1: Acumulador-Behav File: D:/Programacao/Quartus/LSD/projFinal3/Acumulador.vhd Line: 16
    Info (12023): Found entity 1: Acumulador File: D:/Programacao/Quartus/LSD/projFinal3/Acumulador.vhd Line: 5
Info (12021): Found 2 design units, including 1 entities, in source file vending_machine_ultimate.vhd
    Info (12022): Found design unit 1: Vending_Machine_Ultimate-Shell File: D:/Programacao/Quartus/LSD/projFinal3/Vending_Machine_Ultimate.vhd Line: 16
    Info (12023): Found entity 1: Vending_Machine_Ultimate File: D:/Programacao/Quartus/LSD/projFinal3/Vending_Machine_Ultimate.vhd Line: 4
Info (12021): Found 2 design units, including 1 entities, in source file bintobcd.vhd
    Info (12022): Found design unit 1: BinToBCD-Behav File: D:/Programacao/Quartus/LSD/projFinal3/BinToBCD.vhd Line: 10
    Info (12023): Found entity 1: BinToBCD File: D:/Programacao/Quartus/LSD/projFinal3/BinToBCD.vhd Line: 5
Info (12021): Found 2 design units, including 1 entities, in source file bin7segdecoder.vhd
    Info (12022): Found design unit 1: Bin7SegDecoder-Behav File: D:/Programacao/Quartus/LSD/projFinal3/Bin7SegDecoder.vhd Line: 10
    Info (12023): Found entity 1: Bin7SegDecoder File: D:/Programacao/Quartus/LSD/projFinal3/Bin7SegDecoder.vhd Line: 4
Info (12021): Found 2 design units, including 1 entities, in source file hexpiscar.vhd
    Info (12022): Found design unit 1: hexPiscar-Behav File: D:/Programacao/Quartus/LSD/projFinal3/hexPiscar.vhd Line: 12
    Info (12023): Found entity 1: hexPiscar File: D:/Programacao/Quartus/LSD/projFinal3/hexPiscar.vhd Line: 5
Info (12021): Found 2 design units, including 1 entities, in source file price.vhd
    Info (12022): Found design unit 1: price-Behav File: D:/Programacao/Quartus/LSD/projFinal3/price.vhd Line: 12
    Info (12023): Found entity 1: price File: D:/Programacao/Quartus/LSD/projFinal3/price.vhd Line: 5
Info (12021): Found 2 design units, including 1 entities, in source file troco.vhd
    Info (12022): Found design unit 1: troco-Behav File: D:/Programacao/Quartus/LSD/projFinal3/troco.vhd Line: 14
    Info (12023): Found entity 1: troco File: D:/Programacao/Quartus/LSD/projFinal3/troco.vhd Line: 5
Info (12021): Found 2 design units, including 1 entities, in source file limite_troco.vhd
    Info (12022): Found design unit 1: limite_troco-Behav File: D:/Programacao/Quartus/LSD/projFinal3/limite_troco.vhd Line: 13
    Info (12023): Found entity 1: limite_troco File: D:/Programacao/Quartus/LSD/projFinal3/limite_troco.vhd Line: 5
Info (12021): Found 2 design units, including 1 entities, in source file moedas_leds.vhd
    Info (12022): Found design unit 1: moedas_leds-Behav File: D:/Programacao/Quartus/LSD/projFinal3/moedas_leds.vhd Line: 11
    Info (12023): Found entity 1: moedas_leds File: D:/Programacao/Quartus/LSD/projFinal3/moedas_leds.vhd Line: 5
Info (12127): Elaborating entity "Vending_Machine_Ultimate" for the top level hierarchy
Info (12129): Elaborating entity "DebounceUnit" using architecture "A:behavioral" for hierarchy "DebounceUnit:key0" File: D:/Programacao/Quartus/LSD/projFinal3/Vending_Machine_Ultimate.vhd Line: 31
Info (12129): Elaborating entity "Acumulador" using architecture "A:behav" for hierarchy "Acumulador:ac" File: D:/Programacao/Quartus/LSD/projFinal3/Vending_Machine_Ultimate.vhd Line: 52
Warning (10492): VHDL Process Statement warning at Acumulador.vhd(42): signal "s_count" is read inside the Process Statement but isn't in the Process Statement's sensitivity list File: D:/Programacao/Quartus/LSD/projFinal3/Acumulador.vhd Line: 42
Info (12129): Elaborating entity "switchesCounter" using architecture "A:behav" for hierarchy "switchesCounter:counter" File: D:/Programacao/Quartus/LSD/projFinal3/Vending_Machine_Ultimate.vhd Line: 64
Info (12129): Elaborating entity "price" using architecture "A:behav" for hierarchy "price:price" File: D:/Programacao/Quartus/LSD/projFinal3/Vending_Machine_Ultimate.vhd Line: 70
Info (12129): Elaborating entity "troco" using architecture "A:behav" for hierarchy "troco:troco" File: D:/Programacao/Quartus/LSD/projFinal3/Vending_Machine_Ultimate.vhd Line: 78
Warning (10492): VHDL Process Statement warning at troco.vhd(31): signal "s_troco" is read inside the Process Statement but isn't in the Process Statement's sensitivity list File: D:/Programacao/Quartus/LSD/projFinal3/troco.vhd Line: 31
Info (12129): Elaborating entity "limite_troco" using architecture "A:behav" for hierarchy "limite_troco:limite_troco" File: D:/Programacao/Quartus/LSD/projFinal3/Vending_Machine_Ultimate.vhd Line: 87
Warning (10492): VHDL Process Statement warning at limite_troco.vhd(25): signal "s_n_moedas" is read inside the Process Statement but isn't in the Process Statement's sensitivity list File: D:/Programacao/Quartus/LSD/projFinal3/limite_troco.vhd Line: 25
Info (12129): Elaborating entity "moedas_leds" using architecture "A:behav" for hierarchy "moedas_leds:moedas_leds" File: D:/Programacao/Quartus/LSD/projFinal3/Vending_Machine_Ultimate.vhd Line: 95
Info (12129): Elaborating entity "states" using architecture "A:behav" for hierarchy "states:states" File: D:/Programacao/Quartus/LSD/projFinal3/Vending_Machine_Ultimate.vhd Line: 102
Warning (10492): VHDL Process Statement warning at states.vhd(115): signal "s_centimos" is read inside the Process Statement but isn't in the Process Statement's sensitivity list File: D:/Programacao/Quartus/LSD/projFinal3/states.vhd Line: 115
Warning (10492): VHDL Process Statement warning at states.vhd(116): signal "s_euros" is read inside the Process Statement but isn't in the Process Statement's sensitivity list File: D:/Programacao/Quartus/LSD/projFinal3/states.vhd Line: 116
Warning (10492): VHDL Process Statement warning at states.vhd(117): signal "s_hex_En" is read inside the Process Statement but isn't in the Process Statement's sensitivity list File: D:/Programacao/Quartus/LSD/projFinal3/states.vhd Line: 117
Warning (10492): VHDL Process Statement warning at states.vhd(118): signal "s_hex_piscar" is read inside the Process Statement but isn't in the Process Statement's sensitivity list File: D:/Programacao/Quartus/LSD/projFinal3/states.vhd Line: 118
Warning (10492): VHDL Process Statement warning at states.vhd(119): signal "s_reset_a" is read inside the Process Statement but isn't in the Process Statement's sensitivity list File: D:/Programacao/Quartus/LSD/projFinal3/states.vhd Line: 119
Info (12129): Elaborating entity "BinToBCD" using architecture "A:behav" for hierarchy "BinToBCD:bin2BCD_01" File: D:/Programacao/Quartus/LSD/projFinal3/Vending_Machine_Ultimate.vhd Line: 122
Info (12129): Elaborating entity "hexPiscar" using architecture "A:behav" for hierarchy "hexPiscar:piscar" File: D:/Programacao/Quartus/LSD/projFinal3/Vending_Machine_Ultimate.vhd Line: 135
Info (12129): Elaborating entity "Bin7SegDecoder" using architecture "A:behav" for hierarchy "Bin7SegDecoder:outHex0" File: D:/Programacao/Quartus/LSD/projFinal3/Vending_Machine_Ultimate.vhd Line: 142
Info (278001): Inferred 4 megafunctions from design logic
    Info (278004): Inferred divider/modulo megafunction ("lpm_divide") from the following logic: "BinToBCD:bin2BCD_01|Mod0" File: D:/Programacao/Quartus/LSD/projFinal3/BinToBCD.vhd Line: 16
    Info (278004): Inferred divider/modulo megafunction ("lpm_divide") from the following logic: "BinToBCD:bin2BCD_01|Div0" File: D:/Programacao/Quartus/LSD/projFinal3/BinToBCD.vhd Line: 17
    Info (278004): Inferred divider/modulo megafunction ("lpm_divide") from the following logic: "BinToBCD:bin2BCD_01|Mod1" File: D:/Programacao/Quartus/LSD/projFinal3/BinToBCD.vhd Line: 18
    Info (278004): Inferred divider/modulo megafunction ("lpm_divide") from the following logic: "limite_troco:limite_troco|Div0" File: D:/Programacao/Quartus/LSD/projFinal3/limite_troco.vhd Line: 22
Info (12130): Elaborated megafunction instantiation "BinToBCD:bin2BCD_01|lpm_divide:Mod0" File: D:/Programacao/Quartus/LSD/projFinal3/BinToBCD.vhd Line: 16
Info (12133): Instantiated megafunction "BinToBCD:bin2BCD_01|lpm_divide:Mod0" with the following parameter: File: D:/Programacao/Quartus/LSD/projFinal3/BinToBCD.vhd Line: 16
    Info (12134): Parameter "LPM_WIDTHN" = "8"
    Info (12134): Parameter "LPM_WIDTHD" = "8"
    Info (12134): Parameter "LPM_NREPRESENTATION" = "UNSIGNED"
    Info (12134): Parameter "LPM_DREPRESENTATION" = "UNSIGNED"
Info (12021): Found 1 design units, including 1 entities, in source file db/lpm_divide_q9m.tdf
    Info (12023): Found entity 1: lpm_divide_q9m File: D:/Programacao/Quartus/LSD/projFinal3/db/lpm_divide_q9m.tdf Line: 24
Info (12021): Found 1 design units, including 1 entities, in source file db/sign_div_unsign_fkh.tdf
    Info (12023): Found entity 1: sign_div_unsign_fkh File: D:/Programacao/Quartus/LSD/projFinal3/db/sign_div_unsign_fkh.tdf Line: 24
Info (12021): Found 1 design units, including 1 entities, in source file db/alt_u_div_i4f.tdf
    Info (12023): Found entity 1: alt_u_div_i4f File: D:/Programacao/Quartus/LSD/projFinal3/db/alt_u_div_i4f.tdf Line: 26
Info (12021): Found 1 design units, including 1 entities, in source file db/add_sub_7pc.tdf
    Info (12023): Found entity 1: add_sub_7pc File: D:/Programacao/Quartus/LSD/projFinal3/db/add_sub_7pc.tdf Line: 22
Info (12021): Found 1 design units, including 1 entities, in source file db/add_sub_8pc.tdf
    Info (12023): Found entity 1: add_sub_8pc File: D:/Programacao/Quartus/LSD/projFinal3/db/add_sub_8pc.tdf Line: 22
Info (12130): Elaborated megafunction instantiation "BinToBCD:bin2BCD_01|lpm_divide:Div0" File: D:/Programacao/Quartus/LSD/projFinal3/BinToBCD.vhd Line: 17
Info (12133): Instantiated megafunction "BinToBCD:bin2BCD_01|lpm_divide:Div0" with the following parameter: File: D:/Programacao/Quartus/LSD/projFinal3/BinToBCD.vhd Line: 17
    Info (12134): Parameter "LPM_WIDTHN" = "8"
    Info (12134): Parameter "LPM_WIDTHD" = "4"
    Info (12134): Parameter "LPM_NREPRESENTATION" = "UNSIGNED"
    Info (12134): Parameter "LPM_DREPRESENTATION" = "UNSIGNED"
Info (12021): Found 1 design units, including 1 entities, in source file db/lpm_divide_jhm.tdf
    Info (12023): Found entity 1: lpm_divide_jhm File: D:/Programacao/Quartus/LSD/projFinal3/db/lpm_divide_jhm.tdf Line: 24
Info (12021): Found 1 design units, including 1 entities, in source file db/sign_div_unsign_bkh.tdf
    Info (12023): Found entity 1: sign_div_unsign_bkh File: D:/Programacao/Quartus/LSD/projFinal3/db/sign_div_unsign_bkh.tdf Line: 24
Info (12021): Found 1 design units, including 1 entities, in source file db/alt_u_div_a4f.tdf
    Info (12023): Found entity 1: alt_u_div_a4f File: D:/Programacao/Quartus/LSD/projFinal3/db/alt_u_div_a4f.tdf Line: 26
Info (12130): Elaborated megafunction instantiation "limite_troco:limite_troco|lpm_divide:Div0" File: D:/Programacao/Quartus/LSD/projFinal3/limite_troco.vhd Line: 22
Info (12133): Instantiated megafunction "limite_troco:limite_troco|lpm_divide:Div0" with the following parameter: File: D:/Programacao/Quartus/LSD/projFinal3/limite_troco.vhd Line: 22
    Info (12134): Parameter "LPM_WIDTHN" = "8"
    Info (12134): Parameter "LPM_WIDTHD" = "3"
    Info (12134): Parameter "LPM_NREPRESENTATION" = "UNSIGNED"
    Info (12134): Parameter "LPM_DREPRESENTATION" = "UNSIGNED"
Info (12021): Found 1 design units, including 1 entities, in source file db/lpm_divide_khm.tdf
    Info (12023): Found entity 1: lpm_divide_khm File: D:/Programacao/Quartus/LSD/projFinal3/db/lpm_divide_khm.tdf Line: 24
Info (12021): Found 1 design units, including 1 entities, in source file db/sign_div_unsign_ckh.tdf
    Info (12023): Found entity 1: sign_div_unsign_ckh File: D:/Programacao/Quartus/LSD/projFinal3/db/sign_div_unsign_ckh.tdf Line: 24
Info (12021): Found 1 design units, including 1 entities, in source file db/alt_u_div_94f.tdf
    Info (12023): Found entity 1: alt_u_div_94f File: D:/Programacao/Quartus/LSD/projFinal3/db/alt_u_div_94f.tdf Line: 26
Warning (13024): Output pins are stuck at VCC or GND
    Warning (13410): Pin "LEDR[0]" is stuck at VCC File: D:/Programacao/Quartus/LSD/projFinal3/Vending_Machine_Ultimate.vhd Line: 8
    Warning (13410): Pin "HEX2[6]" is stuck at VCC File: D:/Programacao/Quartus/LSD/projFinal3/Vending_Machine_Ultimate.vhd Line: 12
    Warning (13410): Pin "HEX3[6]" is stuck at VCC File: D:/Programacao/Quartus/LSD/projFinal3/Vending_Machine_Ultimate.vhd Line: 13
Info (286030): Timing-Driven Synthesis is running
Info (17049): 4 registers lost all their fanouts during netlist optimizations.
Info (17016): Found the following redundant logic cells in design
    Info (17048): Logic cell "BinToBCD:bin2BCD_01|lpm_divide:Mod1|lpm_divide_q9m:auto_generated|sign_div_unsign_fkh:divider|alt_u_div_i4f:divider|add_sub_7_result_int[0]~0" File: D:/Programacao/Quartus/LSD/projFinal3/db/alt_u_div_i4f.tdf Line: 61
    Info (17048): Logic cell "BinToBCD:bin2BCD_01|lpm_divide:Mod1|lpm_divide_q9m:auto_generated|sign_div_unsign_fkh:divider|alt_u_div_i4f:divider|add_sub_6_result_int[0]~14" File: D:/Programacao/Quartus/LSD/projFinal3/db/alt_u_div_i4f.tdf Line: 56
Info (16010): Generating hard_block partition "hard_block:auto_generated_inst"
    Info (16011): Adding 0 node(s), including 0 DDIO, 0 PLL, 0 transceiver and 0 LCELL
Warning (21074): Design contains 12 input pin(s) that do not drive logic
    Warning (15610): No output dependent on input pin "SW[5]" File: D:/Programacao/Quartus/LSD/projFinal3/Vending_Machine_Ultimate.vhd Line: 6
    Warning (15610): No output dependent on input pin "SW[6]" File: D:/Programacao/Quartus/LSD/projFinal3/Vending_Machine_Ultimate.vhd Line: 6
    Warning (15610): No output dependent on input pin "SW[7]" File: D:/Programacao/Quartus/LSD/projFinal3/Vending_Machine_Ultimate.vhd Line: 6
    Warning (15610): No output dependent on input pin "SW[8]" File: D:/Programacao/Quartus/LSD/projFinal3/Vending_Machine_Ultimate.vhd Line: 6
    Warning (15610): No output dependent on input pin "SW[9]" File: D:/Programacao/Quartus/LSD/projFinal3/Vending_Machine_Ultimate.vhd Line: 6
    Warning (15610): No output dependent on input pin "SW[10]" File: D:/Programacao/Quartus/LSD/projFinal3/Vending_Machine_Ultimate.vhd Line: 6
    Warning (15610): No output dependent on input pin "SW[11]" File: D:/Programacao/Quartus/LSD/projFinal3/Vending_Machine_Ultimate.vhd Line: 6
    Warning (15610): No output dependent on input pin "SW[12]" File: D:/Programacao/Quartus/LSD/projFinal3/Vending_Machine_Ultimate.vhd Line: 6
    Warning (15610): No output dependent on input pin "SW[13]" File: D:/Programacao/Quartus/LSD/projFinal3/Vending_Machine_Ultimate.vhd Line: 6
    Warning (15610): No output dependent on input pin "SW[14]" File: D:/Programacao/Quartus/LSD/projFinal3/Vending_Machine_Ultimate.vhd Line: 6
    Warning (15610): No output dependent on input pin "SW[15]" File: D:/Programacao/Quartus/LSD/projFinal3/Vending_Machine_Ultimate.vhd Line: 6
    Warning (15610): No output dependent on input pin "SW[16]" File: D:/Programacao/Quartus/LSD/projFinal3/Vending_Machine_Ultimate.vhd Line: 6
Info (21057): Implemented 774 device resources after synthesis - the final resource count might be different
    Info (21058): Implemented 23 input pins
    Info (21059): Implemented 42 output pins
    Info (21061): Implemented 709 logic cells
Info: Quartus Prime Analysis & Synthesis was successful. 0 errors, 26 warnings
    Info: Peak virtual memory: 4846 megabytes
    Info: Processing ended: Wed May 29 01:18:45 2019
    Info: Elapsed time: 00:00:11
    Info: Total CPU time (on all processors): 00:00:22


